<?xml version="1.0" encoding="UTF-8"?>
<testsuites name="R13" time="162.294" tests="5" failures="0" errors="0">
   <testsuite name="R13" tests="5" failures="0" errors="0" time="162.294" timestamp="2019-10-30 09:56:45" hostname="Dell - DESKTOP-A4R0EHC" id="Test Suites/R13">
      <properties>
         <property name="deviceName" value=""/>
         <property name="devicePlatform" value=""/>
         <property name="logFolder" value="C:\\Users\\Dell\\Katalon Studio\\GSM Demo\\Reports\\20191030_095641\\R13\\20191030_095642"/>
         <property name="logFiles" value="C:\\Users\\Dell\\Katalon Studio\\GSM Demo\\Reports\\20191030_095641\\R13\\20191030_095642\\execution0.log"/>
         <property name="attachments" value=""/>
         <property name="hostName" value="Dell - DESKTOP-A4R0EHC"/>
         <property name="os" value="Windows 10 64bit"/>
         <property name="katalonVersion" value="7.0.4.1"/>
         <property name="browser" value="Chrome 77.0.3865.120"/>
         <property name="hostAddress" value="192.168.0.110"/>
         <property name="sessionId" value="ec2f42c8ccdb9dc2294f145f592462a1"/>
         <property name="seleniumVersion" value="3.141.59"/>
         <property name="proxyInformation" value="ProxyInformation{proxyOption=NO_PROXY, proxyServerType=HTTP, password=, proxyServerAddress=, proxyServerPort=0}"/>
         <property name="platform" value="Windows 10"/>
      </properties>
      <testcase name="Test Cases/TestRail/Create Offer" time="32.665" classname="Test Cases/TestRail/Create Offer" status="PASSED">
         <system-out><![CDATA[2019-10-30 09:56:45 - [TEST_CASE][PASSED] - Test Cases/TestRail/Create Offer: Test Cases/TestRail/Create Offer

2019-10-30 09:56:46 - [TEST_STEP][PASSED] - openBrowser(""): Browser is opened with url: ''

2019-10-30 09:56:46 - [MESSAGE][INFO] - Starting 'Chrome' driver

2019-10-30 09:56:46 - [MESSAGE][INFO] - Action delay is set to 2 seconds

2019-10-30 09:56:53 - [MESSAGE][PASSED] - Browser is opened with url: ''

2019-10-30 09:56:53 - [TEST_STEP][PASSED] - navigateToUrl("https://sandbox.gsm.auto/logout"): Navigate to 'https://sandbox.gsm.auto/logout' successfully

2019-10-30 09:56:58 - [MESSAGE][PASSED] - Navigate to 'https://sandbox.gsm.auto/logout' successfully

2019-10-30 09:56:58 - [TEST_STEP][PASSED] - click(findTestObject("Object Repository/TestRail/Page_GSM Portal/button_Log in")): Object: 'Object Repository/TestRail/Page_GSM Portal/button_Log in' is clicked on

2019-10-30 09:57:05 - [MESSAGE][PASSED] - Object: 'Object Repository/TestRail/Page_GSM Portal/button_Log in' is clicked on

2019-10-30 09:57:05 - [TEST_STEP][PASSED] - setText(findTestObject("Object Repository/TestRail/Page_GSM Login/input_Email Address_email"), "sankaran@totient.co.in"): Text 'sankaran@totient.co.in' is set on object 'Object Repository/TestRail/Page_GSM Login/input_Email Address_email'

2019-10-30 09:57:10 - [MESSAGE][PASSED] - Text 'sankaran@totient.co.in' is set on object 'Object Repository/TestRail/Page_GSM Login/input_Email Address_email'

2019-10-30 09:57:10 - [TEST_STEP][PASSED] - setEncryptedText(findTestObject("Object Repository/TestRail/Page_GSM Login/input_Password_password"), "4bOuNFpH31s4Qkh1shYRow=="): Text ****** has been set on object 'Object Repository/TestRail/Page_GSM Login/input_Password_password'

2019-10-30 09:57:15 - [MESSAGE][PASSED] - Text ****** has been set on object 'Object Repository/TestRail/Page_GSM Login/input_Password_password'

2019-10-30 09:57:15 - [TEST_STEP][PASSED] - click(findTestObject("Object Repository/TestRail/Page_GSM Login/button_Log In")): Object: 'Object Repository/TestRail/Page_GSM Login/button_Log In' is clicked on

2019-10-30 09:57:17 - [MESSAGE][PASSED] - Object: 'Object Repository/TestRail/Page_GSM Login/button_Log In' is clicked on

2019-10-30 09:57:17 - [TEST_STEP][PASSED] - closeBrowser(): Browser is closed

2019-10-30 09:57:18 - [MESSAGE][PASSED] - Browser is closed]]></system-out>
         <system-err><![CDATA[]]></system-err>
      </testcase>
      <testcase name="Test Cases/TestRail/Delete Offer" time="29.354" classname="Test Cases/TestRail/Delete Offer" status="PASSED">
         <system-out><![CDATA[2019-10-30 09:57:18 - [TEST_CASE][PASSED] - Test Cases/TestRail/Delete Offer: Test Cases/TestRail/Delete Offer

2019-10-30 09:57:18 - [TEST_STEP][PASSED] - openBrowser(""): Browser is opened with url: ''

2019-10-30 09:57:18 - [MESSAGE][INFO] - Starting 'Chrome' driver

2019-10-30 09:57:24 - [MESSAGE][PASSED] - Browser is opened with url: ''

2019-10-30 09:57:24 - [TEST_STEP][PASSED] - navigateToUrl("https://sandbox.gsm.auto/logout"): Navigate to 'https://sandbox.gsm.auto/logout' successfully

2019-10-30 09:57:29 - [MESSAGE][PASSED] - Navigate to 'https://sandbox.gsm.auto/logout' successfully

2019-10-30 09:57:29 - [TEST_STEP][PASSED] - click(findTestObject("Object Repository/TestRail/Page_GSM Portal/button_Log in")): Object: 'Object Repository/TestRail/Page_GSM Portal/button_Log in' is clicked on

2019-10-30 09:57:34 - [MESSAGE][PASSED] - Object: 'Object Repository/TestRail/Page_GSM Portal/button_Log in' is clicked on

2019-10-30 09:57:34 - [TEST_STEP][PASSED] - setText(findTestObject("Object Repository/TestRail/Page_GSM Login/input_Email Address_email"), "sankaran@totient.co.in"): Text 'sankaran@totient.co.in' is set on object 'Object Repository/TestRail/Page_GSM Login/input_Email Address_email'

2019-10-30 09:57:39 - [MESSAGE][PASSED] - Text 'sankaran@totient.co.in' is set on object 'Object Repository/TestRail/Page_GSM Login/input_Email Address_email'

2019-10-30 09:57:39 - [TEST_STEP][PASSED] - setEncryptedText(findTestObject("Object Repository/TestRail/Page_GSM Login/input_Password_password"), "4bOuNFpH31s4Qkh1shYRow=="): Text ****** has been set on object 'Object Repository/TestRail/Page_GSM Login/input_Password_password'

2019-10-30 09:57:44 - [MESSAGE][PASSED] - Text ****** has been set on object 'Object Repository/TestRail/Page_GSM Login/input_Password_password'

2019-10-30 09:57:44 - [TEST_STEP][PASSED] - click(findTestObject("Object Repository/TestRail/Page_GSM Login/button_Log In")): Object: 'Object Repository/TestRail/Page_GSM Login/button_Log In' is clicked on

2019-10-30 09:57:46 - [MESSAGE][PASSED] - Object: 'Object Repository/TestRail/Page_GSM Login/button_Log In' is clicked on

2019-10-30 09:57:46 - [TEST_STEP][PASSED] - closeBrowser(): Browser is closed

2019-10-30 09:57:47 - [MESSAGE][PASSED] - Browser is closed]]></system-out>
         <system-err><![CDATA[]]></system-err>
      </testcase>
      <testcase name="Test Cases/TestRail/Edit Offer" time="30.626" classname="Test Cases/TestRail/Edit Offer" status="PASSED">
         <system-out><![CDATA[2019-10-30 09:57:47 - [TEST_CASE][PASSED] - Test Cases/TestRail/Edit Offer: Test Cases/TestRail/Edit Offer

2019-10-30 09:57:48 - [TEST_STEP][PASSED] - openBrowser(""): Browser is opened with url: ''

2019-10-30 09:57:48 - [MESSAGE][INFO] - Starting 'Chrome' driver

2019-10-30 09:57:53 - [MESSAGE][PASSED] - Browser is opened with url: ''

2019-10-30 09:57:53 - [TEST_STEP][PASSED] - navigateToUrl("https://sandbox.gsm.auto/logout"): Navigate to 'https://sandbox.gsm.auto/logout' successfully

2019-10-30 09:57:59 - [MESSAGE][PASSED] - Navigate to 'https://sandbox.gsm.auto/logout' successfully

2019-10-30 09:57:59 - [TEST_STEP][PASSED] - click(findTestObject("Object Repository/TestRail/Page_GSM Portal/button_Log in")): Object: 'Object Repository/TestRail/Page_GSM Portal/button_Log in' is clicked on

2019-10-30 09:58:05 - [MESSAGE][PASSED] - Object: 'Object Repository/TestRail/Page_GSM Portal/button_Log in' is clicked on

2019-10-30 09:58:05 - [TEST_STEP][PASSED] - setText(findTestObject("Object Repository/TestRail/Page_GSM Login/input_Email Address_email"), "sankaran@totient.co.in"): Text 'sankaran@totient.co.in' is set on object 'Object Repository/TestRail/Page_GSM Login/input_Email Address_email'

2019-10-30 09:58:10 - [MESSAGE][PASSED] - Text 'sankaran@totient.co.in' is set on object 'Object Repository/TestRail/Page_GSM Login/input_Email Address_email'

2019-10-30 09:58:10 - [TEST_STEP][PASSED] - setEncryptedText(findTestObject("Object Repository/TestRail/Page_GSM Login/input_Password_password"), "4bOuNFpH31s4Qkh1shYRow=="): Text ****** has been set on object 'Object Repository/TestRail/Page_GSM Login/input_Password_password'

2019-10-30 09:58:15 - [MESSAGE][PASSED] - Text ****** has been set on object 'Object Repository/TestRail/Page_GSM Login/input_Password_password'

2019-10-30 09:58:15 - [TEST_STEP][PASSED] - click(findTestObject("Object Repository/TestRail/Page_GSM Login/button_Log In")): Object: 'Object Repository/TestRail/Page_GSM Login/button_Log In' is clicked on

2019-10-30 09:58:17 - [MESSAGE][PASSED] - Object: 'Object Repository/TestRail/Page_GSM Login/button_Log In' is clicked on

2019-10-30 09:58:17 - [TEST_STEP][PASSED] - closeBrowser(): Browser is closed

2019-10-30 09:58:18 - [MESSAGE][PASSED] - Browser is closed]]></system-out>
         <system-err><![CDATA[]]></system-err>
      </testcase>
      <testcase name="Test Cases/TestRail/Logout" time="29.342" classname="Test Cases/TestRail/Logout" status="PASSED">
         <system-out><![CDATA[2019-10-30 09:58:18 - [TEST_CASE][PASSED] - Test Cases/TestRail/Logout: Test Cases/TestRail/Logout

2019-10-30 09:58:18 - [TEST_STEP][PASSED] - openBrowser(""): Browser is opened with url: ''

2019-10-30 09:58:18 - [MESSAGE][INFO] - Starting 'Chrome' driver

2019-10-30 09:58:24 - [MESSAGE][PASSED] - Browser is opened with url: ''

2019-10-30 09:58:24 - [TEST_STEP][PASSED] - navigateToUrl("https://sandbox.gsm.auto/logout"): Navigate to 'https://sandbox.gsm.auto/logout' successfully

2019-10-30 09:58:29 - [MESSAGE][PASSED] - Navigate to 'https://sandbox.gsm.auto/logout' successfully

2019-10-30 09:58:29 - [TEST_STEP][PASSED] - click(findTestObject("Object Repository/TestRail/Page_GSM Portal/button_Log in")): Object: 'Object Repository/TestRail/Page_GSM Portal/button_Log in' is clicked on

2019-10-30 09:58:34 - [MESSAGE][PASSED] - Object: 'Object Repository/TestRail/Page_GSM Portal/button_Log in' is clicked on

2019-10-30 09:58:34 - [TEST_STEP][PASSED] - setText(findTestObject("Object Repository/TestRail/Page_GSM Login/input_Email Address_email"), "sankaran@totient.co.in"): Text 'sankaran@totient.co.in' is set on object 'Object Repository/TestRail/Page_GSM Login/input_Email Address_email'

2019-10-30 09:58:39 - [MESSAGE][PASSED] - Text 'sankaran@totient.co.in' is set on object 'Object Repository/TestRail/Page_GSM Login/input_Email Address_email'

2019-10-30 09:58:39 - [TEST_STEP][PASSED] - setEncryptedText(findTestObject("Object Repository/TestRail/Page_GSM Login/input_Password_password"), "4bOuNFpH31s4Qkh1shYRow=="): Text ****** has been set on object 'Object Repository/TestRail/Page_GSM Login/input_Password_password'

2019-10-30 09:58:44 - [MESSAGE][PASSED] - Text ****** has been set on object 'Object Repository/TestRail/Page_GSM Login/input_Password_password'

2019-10-30 09:58:44 - [TEST_STEP][PASSED] - click(findTestObject("Object Repository/TestRail/Page_GSM Login/button_Log In")): Object: 'Object Repository/TestRail/Page_GSM Login/button_Log In' is clicked on

2019-10-30 09:58:47 - [MESSAGE][PASSED] - Object: 'Object Repository/TestRail/Page_GSM Login/button_Log In' is clicked on

2019-10-30 09:58:47 - [TEST_STEP][PASSED] - closeBrowser(): Browser is closed

2019-10-30 09:58:47 - [MESSAGE][PASSED] - Browser is closed]]></system-out>
         <system-err><![CDATA[]]></system-err>
      </testcase>
      <testcase name="Test Cases/TestRail/Valid Login" time="29.102" classname="Test Cases/TestRail/Valid Login" status="PASSED">
         <system-out><![CDATA[2019-10-30 09:58:47 - [TEST_CASE][PASSED] - Test Cases/TestRail/Valid Login: Test Cases/TestRail/Valid Login

2019-10-30 09:58:48 - [TEST_STEP][PASSED] - openBrowser(""): Browser is opened with url: ''

2019-10-30 09:58:48 - [MESSAGE][INFO] - Starting 'Chrome' driver

2019-10-30 09:58:53 - [MESSAGE][PASSED] - Browser is opened with url: ''

2019-10-30 09:58:53 - [TEST_STEP][PASSED] - navigateToUrl("https://sandbox.gsm.auto/logout"): Navigate to 'https://sandbox.gsm.auto/logout' successfully

2019-10-30 09:58:58 - [MESSAGE][PASSED] - Navigate to 'https://sandbox.gsm.auto/logout' successfully

2019-10-30 09:58:58 - [TEST_STEP][PASSED] - click(findTestObject("Object Repository/TestRail/Page_GSM Portal/button_Log in")): Object: 'Object Repository/TestRail/Page_GSM Portal/button_Log in' is clicked on

2019-10-30 09:59:04 - [MESSAGE][PASSED] - Object: 'Object Repository/TestRail/Page_GSM Portal/button_Log in' is clicked on

2019-10-30 09:59:04 - [TEST_STEP][PASSED] - setText(findTestObject("Object Repository/TestRail/Page_GSM Login/input_Email Address_email"), "sankaran@totient.co.in"): Text 'sankaran@totient.co.in' is set on object 'Object Repository/TestRail/Page_GSM Login/input_Email Address_email'

2019-10-30 09:59:09 - [MESSAGE][PASSED] - Text 'sankaran@totient.co.in' is set on object 'Object Repository/TestRail/Page_GSM Login/input_Email Address_email'

2019-10-30 09:59:09 - [TEST_STEP][PASSED] - setEncryptedText(findTestObject("Object Repository/TestRail/Page_GSM Login/input_Password_password"), "4bOuNFpH31s4Qkh1shYRow=="): Text ****** has been set on object 'Object Repository/TestRail/Page_GSM Login/input_Password_password'

2019-10-30 09:59:13 - [MESSAGE][PASSED] - Text ****** has been set on object 'Object Repository/TestRail/Page_GSM Login/input_Password_password'

2019-10-30 09:59:13 - [TEST_STEP][PASSED] - click(findTestObject("Object Repository/TestRail/Page_GSM Login/button_Log In")): Object: 'Object Repository/TestRail/Page_GSM Login/button_Log In' is clicked on

2019-10-30 09:59:16 - [MESSAGE][PASSED] - Object: 'Object Repository/TestRail/Page_GSM Login/button_Log In' is clicked on

2019-10-30 09:59:16 - [TEST_STEP][PASSED] - closeBrowser(): Browser is closed

2019-10-30 09:59:16 - [MESSAGE][PASSED] - Browser is closed]]></system-out>
         <system-err><![CDATA[]]></system-err>
      </testcase>
      <system-out><![CDATA[2019-10-30 09:56:45 - [TEST_SUITE][PASSED] - R13: Test Cases/TestRail/Valid Login]]></system-out>
      <system-err><![CDATA[]]></system-err>
   </testsuite>
</testsuites>
