<?xml version="1.0" encoding="UTF-8" standalone="yes"?>
<testsuites name="TestRail1" time="66" tests="1" failures="0" errors="0">
    <testsuite name="TestRail1" tests="1" failures="0" errors="0" time="66" timestamp="2019-10-24 16:22:03" hostname="Dell - DESKTOP-A4R0EHC" id="Test Suites/TestRail/TestRail1">
        <properties>
            <property name="deviceName" value=""/>
            <property name="devicePlatform" value=""/>
            <property name="logFolder" value="C:\\Users\\Dell\\Katalon Studio\\GSM Demo\\Reports\\20191024_162155\\TestRail\\TestRail1\\20191024_162155"/>
            <property name="logFiles" value="C:\\Users\\Dell\\Katalon Studio\\GSM Demo\\Reports\\20191024_162155\\TestRail\\TestRail1\\20191024_162155\\execution0.log"/>
            <property name="attachments" value=""/>
            <property name="hostName" value="Dell - DESKTOP-A4R0EHC"/>
            <property name="os" value="Windows 10 64bit"/>
            <property name="katalonVersion" value="6.3.3.11"/>
            <property name="browser" value="Chrome 77.0.3865.120"/>
            <property name="hostAddress" value="192.168.0.110"/>
            <property name="sessionId" value="ea1afa11014cee78a64251434f56c78b"/>
            <property name="seleniumVersion" value="3.141.59"/>
            <property name="proxyInformation" value="ProxyInformation{proxyOption=NO_PROXY, proxyServerType=HTTP, password=, proxyServerAddress=, proxyServerPort=0}"/>
            <property name="platform" value="Windows 10"/>
        </properties>
        <testcase name="Test Cases/TestRail/GSM Login" classname="Test Cases/TestRail/GSM Login" status="PASSED">
            <system-out>2019-10-24 16:22:04 - [TEST_CASE][PASSED] - Test Cases/TestRail/GSM Login: Test Cases/TestRail/GSM Login&#xD;
&#xD;
2019-10-24 16:22:04 - [TEST_STEP][PASSED] - openBrowser(""): Browser is opened with url: ''&#xD;
&#xD;
2019-10-24 16:22:05 - [MESSAGE][INFO] - Starting 'Chrome' driver&#xD;
&#xD;
2019-10-24 16:22:05 - [MESSAGE][INFO] - Action delay is set to 2 seconds&#xD;
&#xD;
2019-10-24 16:22:16 - [MESSAGE][PASSED] - Browser is opened with url: ''&#xD;
&#xD;
2019-10-24 16:22:16 - [TEST_STEP][PASSED] - navigateToUrl(url): Navigate to 'https://sandbox.gsm.auto/logout' successfully&#xD;
&#xD;
2019-10-24 16:22:22 - [MESSAGE][PASSED] - Navigate to 'https://sandbox.gsm.auto/logout' successfully&#xD;
&#xD;
2019-10-24 16:22:22 - [TEST_STEP][PASSED] - maximizeWindow(): Current window maximized&#xD;
&#xD;
2019-10-24 16:22:28 - [MESSAGE][PASSED] - Current window maximized&#xD;
&#xD;
2019-10-24 16:22:28 - [TEST_STEP][PASSED] - click(findTestObject("UI Test Scenarios/Modules/GSM Login/Page_GSM Portal/button_Log in")): Object: 'Object Repository/UI Test Scenarios/Modules/GSM Login/Page_GSM Portal/button_Log in' is clicked on&#xD;
&#xD;
2019-10-24 16:22:35 - [MESSAGE][PASSED] - Object: 'Object Repository/UI Test Scenarios/Modules/GSM Login/Page_GSM Portal/button_Log in' is clicked on&#xD;
&#xD;
2019-10-24 16:22:35 - [TEST_STEP][PASSED] - delay(3): Delayed 3 second(s)&#xD;
&#xD;
2019-10-24 16:22:39 - [MESSAGE][PASSED] - Delayed 3 second(s)&#xD;
&#xD;
2019-10-24 16:22:39 - [TEST_STEP][PASSED] - setText(findTestObject("UI Test Scenarios/Modules/GSM Login/Page_GSM Login/input_Email Address_email"), username): Text 'sankaran@totient.co.in' is set on object 'Object Repository/UI Test Scenarios/Modules/GSM Login/Page_GSM Login/input_Email Address_email'&#xD;
&#xD;
2019-10-24 16:22:45 - [MESSAGE][PASSED] - Text 'sankaran@totient.co.in' is set on object 'Object Repository/UI Test Scenarios/Modules/GSM Login/Page_GSM Login/input_Email Address_email'&#xD;
&#xD;
2019-10-24 16:22:45 - [TEST_STEP][PASSED] - delay(2): Delayed 2 second(s)&#xD;
&#xD;
2019-10-24 16:22:47 - [MESSAGE][PASSED] - Delayed 2 second(s)&#xD;
&#xD;
2019-10-24 16:22:47 - [TEST_STEP][PASSED] - setText(findTestObject("UI Test Scenarios/Modules/GSM Login/Page_GSM Login/input_Password_password"), password): Text 'sandbox85!' is set on object 'Object Repository/UI Test Scenarios/Modules/GSM Login/Page_GSM Login/input_Password_password'&#xD;
&#xD;
2019-10-24 16:22:53 - [MESSAGE][PASSED] - Text 'sandbox85!' is set on object 'Object Repository/UI Test Scenarios/Modules/GSM Login/Page_GSM Login/input_Password_password'&#xD;
&#xD;
2019-10-24 16:22:53 - [TEST_STEP][PASSED] - click(findTestObject("UI Test Scenarios/Modules/GSM Login/Page_GSM Login/button_Log In")): Object: 'Object Repository/UI Test Scenarios/Modules/GSM Login/Page_GSM Login/button_Log In' is clicked on&#xD;
&#xD;
2019-10-24 16:22:58 - [MESSAGE][PASSED] - Object: 'Object Repository/UI Test Scenarios/Modules/GSM Login/Page_GSM Login/button_Log In' is clicked on&#xD;
&#xD;
2019-10-24 16:22:58 - [TEST_STEP][PASSED] - delay(5): Delayed 5 second(s)&#xD;
&#xD;
2019-10-24 16:23:03 - [MESSAGE][PASSED] - Delayed 5 second(s)&#xD;
&#xD;
2019-10-24 16:23:03 - [TEST_STEP][PASSED] - verifyElementText(findTestObject("UI Test Scenarios/Modules/GSM Login/div_Welcome Sankaran"), "Welcome, Sankaran"): Actual text and expected text of test object 'Object Repository/UI Test Scenarios/Modules/GSM Login/div_Welcome Sankaran' are matched.&#xD;
&#xD;
2019-10-24 16:23:09 - [MESSAGE][PASSED] - Actual text and expected text of test object 'Object Repository/UI Test Scenarios/Modules/GSM Login/div_Welcome Sankaran' are matched.</system-out>
            <system-err></system-err>
        </testcase>
        <system-out>2019-10-24 16:22:03 - [TEST_SUITE][INCOMPLETE] - TestRail1: null</system-out>
        <system-err>2019-10-24 16:22:03 - [TEST_SUITE][INCOMPLETE] - TestRail1: null</system-err>
    </testsuite>
</testsuites>
