<?xml version="1.0" encoding="UTF-8"?>
<testsuites name="R12" time="184.203" tests="5" failures="0" errors="0">
   <testsuite name="R12" tests="5" failures="0" errors="0" time="184.203" timestamp="2019-10-30 09:49:28" hostname="Dell - DESKTOP-A4R0EHC" id="Test Suites/R12">
      <properties>
         <property name="deviceName" value=""/>
         <property name="devicePlatform" value=""/>
         <property name="logFolder" value="C:\\Users\\Dell\\Katalon Studio\\GSM Demo\\Reports\\20191030_094925\\R12\\20191030_094925"/>
         <property name="logFiles" value="C:\\Users\\Dell\\Katalon Studio\\GSM Demo\\Reports\\20191030_094925\\R12\\20191030_094925\\execution0.log"/>
         <property name="attachments" value=""/>
         <property name="hostName" value="Dell - DESKTOP-A4R0EHC"/>
         <property name="os" value="Windows 10 64bit"/>
         <property name="katalonVersion" value="7.0.4.1"/>
         <property name="browser" value="Chrome 77.0.3865.120"/>
         <property name="hostAddress" value="192.168.0.110"/>
         <property name="sessionId" value="ebecb9f80b27469859a7ba2b687713d9"/>
         <property name="seleniumVersion" value="3.141.59"/>
         <property name="proxyInformation" value="ProxyInformation{proxyOption=NO_PROXY, proxyServerType=HTTP, password=, proxyServerAddress=, proxyServerPort=0}"/>
         <property name="platform" value="Windows 10"/>
      </properties>
      <testcase name="Test Cases/TestRail/Create Offer" time="38.916" classname="Test Cases/TestRail/Create Offer" status="PASSED">
         <system-out><![CDATA[2019-10-30 09:49:28 - [TEST_CASE][PASSED] - Test Cases/TestRail/Create Offer: Test Cases/TestRail/Create Offer

2019-10-30 09:49:29 - [TEST_STEP][PASSED] - openBrowser(""): Browser is opened with url: ''

2019-10-30 09:49:29 - [MESSAGE][INFO] - Starting 'Chrome' driver

2019-10-30 09:49:30 - [MESSAGE][INFO] - Action delay is set to 2 seconds

2019-10-30 09:49:37 - [MESSAGE][PASSED] - Browser is opened with url: ''

2019-10-30 09:49:37 - [TEST_STEP][PASSED] - navigateToUrl("https://sandbox.gsm.auto/logout"): Navigate to 'https://sandbox.gsm.auto/logout' successfully

2019-10-30 09:49:46 - [MESSAGE][PASSED] - Navigate to 'https://sandbox.gsm.auto/logout' successfully

2019-10-30 09:49:46 - [TEST_STEP][PASSED] - click(findTestObject("Object Repository/TestRail/Page_GSM Portal/button_Log in")): Object: 'Object Repository/TestRail/Page_GSM Portal/button_Log in' is clicked on

2019-10-30 09:49:55 - [MESSAGE][PASSED] - Object: 'Object Repository/TestRail/Page_GSM Portal/button_Log in' is clicked on

2019-10-30 09:49:55 - [TEST_STEP][PASSED] - setText(findTestObject("Object Repository/TestRail/Page_GSM Login/input_Email Address_email"), "sankaran@totient.co.in"): Text 'sankaran@totient.co.in' is set on object 'Object Repository/TestRail/Page_GSM Login/input_Email Address_email'

2019-10-30 09:49:59 - [MESSAGE][PASSED] - Text 'sankaran@totient.co.in' is set on object 'Object Repository/TestRail/Page_GSM Login/input_Email Address_email'

2019-10-30 09:49:59 - [TEST_STEP][PASSED] - setEncryptedText(findTestObject("Object Repository/TestRail/Page_GSM Login/input_Password_password"), "4bOuNFpH31s4Qkh1shYRow=="): Text ****** has been set on object 'Object Repository/TestRail/Page_GSM Login/input_Password_password'

2019-10-30 09:50:04 - [MESSAGE][PASSED] - Text ****** has been set on object 'Object Repository/TestRail/Page_GSM Login/input_Password_password'

2019-10-30 09:50:04 - [TEST_STEP][PASSED] - click(findTestObject("Object Repository/TestRail/Page_GSM Login/button_Log In")): Object: 'Object Repository/TestRail/Page_GSM Login/button_Log In' is clicked on

2019-10-30 09:50:07 - [MESSAGE][PASSED] - Object: 'Object Repository/TestRail/Page_GSM Login/button_Log In' is clicked on

2019-10-30 09:50:07 - [TEST_STEP][PASSED] - closeBrowser(): Browser is closed

2019-10-30 09:50:07 - [MESSAGE][PASSED] - Browser is closed]]></system-out>
         <system-err><![CDATA[]]></system-err>
      </testcase>
      <testcase name="Test Cases/TestRail/Delete Offer" time="32.211" classname="Test Cases/TestRail/Delete Offer" status="PASSED">
         <system-out><![CDATA[2019-10-30 09:50:07 - [TEST_CASE][PASSED] - Test Cases/TestRail/Delete Offer: Test Cases/TestRail/Delete Offer

2019-10-30 09:50:08 - [TEST_STEP][PASSED] - openBrowser(""): Browser is opened with url: ''

2019-10-30 09:50:08 - [MESSAGE][INFO] - Starting 'Chrome' driver

2019-10-30 09:50:13 - [MESSAGE][PASSED] - Browser is opened with url: ''

2019-10-30 09:50:13 - [TEST_STEP][PASSED] - navigateToUrl("https://sandbox.gsm.auto/logout"): Navigate to 'https://sandbox.gsm.auto/logout' successfully

2019-10-30 09:50:21 - [MESSAGE][PASSED] - Navigate to 'https://sandbox.gsm.auto/logout' successfully

2019-10-30 09:50:21 - [TEST_STEP][PASSED] - click(findTestObject("Object Repository/TestRail/Page_GSM Portal/button_Log in")): Object: 'Object Repository/TestRail/Page_GSM Portal/button_Log in' is clicked on

2019-10-30 09:50:27 - [MESSAGE][PASSED] - Object: 'Object Repository/TestRail/Page_GSM Portal/button_Log in' is clicked on

2019-10-30 09:50:27 - [TEST_STEP][PASSED] - setText(findTestObject("Object Repository/TestRail/Page_GSM Login/input_Email Address_email"), "sankaran@totient.co.in"): Text 'sankaran@totient.co.in' is set on object 'Object Repository/TestRail/Page_GSM Login/input_Email Address_email'

2019-10-30 09:50:32 - [MESSAGE][PASSED] - Text 'sankaran@totient.co.in' is set on object 'Object Repository/TestRail/Page_GSM Login/input_Email Address_email'

2019-10-30 09:50:32 - [TEST_STEP][PASSED] - setEncryptedText(findTestObject("Object Repository/TestRail/Page_GSM Login/input_Password_password"), "4bOuNFpH31s4Qkh1shYRow=="): Text ****** has been set on object 'Object Repository/TestRail/Page_GSM Login/input_Password_password'

2019-10-30 09:50:36 - [MESSAGE][PASSED] - Text ****** has been set on object 'Object Repository/TestRail/Page_GSM Login/input_Password_password'

2019-10-30 09:50:36 - [TEST_STEP][PASSED] - click(findTestObject("Object Repository/TestRail/Page_GSM Login/button_Log In")): Object: 'Object Repository/TestRail/Page_GSM Login/button_Log In' is clicked on

2019-10-30 09:50:39 - [MESSAGE][PASSED] - Object: 'Object Repository/TestRail/Page_GSM Login/button_Log In' is clicked on

2019-10-30 09:50:39 - [TEST_STEP][PASSED] - closeBrowser(): Browser is closed

2019-10-30 09:50:40 - [MESSAGE][PASSED] - Browser is closed]]></system-out>
         <system-err><![CDATA[]]></system-err>
      </testcase>
      <testcase name="Test Cases/TestRail/Edit Offer" time="35.453" classname="Test Cases/TestRail/Edit Offer" status="PASSED">
         <system-out><![CDATA[2019-10-30 09:50:40 - [TEST_CASE][PASSED] - Test Cases/TestRail/Edit Offer: Test Cases/TestRail/Edit Offer

2019-10-30 09:50:40 - [TEST_STEP][PASSED] - openBrowser(""): Browser is opened with url: ''

2019-10-30 09:50:40 - [MESSAGE][INFO] - Starting 'Chrome' driver

2019-10-30 09:50:46 - [MESSAGE][PASSED] - Browser is opened with url: ''

2019-10-30 09:50:46 - [TEST_STEP][PASSED] - navigateToUrl("https://sandbox.gsm.auto/logout"): Navigate to 'https://sandbox.gsm.auto/logout' successfully

2019-10-30 09:50:53 - [MESSAGE][PASSED] - Navigate to 'https://sandbox.gsm.auto/logout' successfully

2019-10-30 09:50:53 - [TEST_STEP][PASSED] - click(findTestObject("Object Repository/TestRail/Page_GSM Portal/button_Log in")): Object: 'Object Repository/TestRail/Page_GSM Portal/button_Log in' is clicked on

2019-10-30 09:51:02 - [MESSAGE][PASSED] - Object: 'Object Repository/TestRail/Page_GSM Portal/button_Log in' is clicked on

2019-10-30 09:51:02 - [TEST_STEP][PASSED] - setText(findTestObject("Object Repository/TestRail/Page_GSM Login/input_Email Address_email"), "sankaran@totient.co.in"): Text 'sankaran@totient.co.in' is set on object 'Object Repository/TestRail/Page_GSM Login/input_Email Address_email'

2019-10-30 09:51:07 - [MESSAGE][PASSED] - Text 'sankaran@totient.co.in' is set on object 'Object Repository/TestRail/Page_GSM Login/input_Email Address_email'

2019-10-30 09:51:07 - [TEST_STEP][PASSED] - setEncryptedText(findTestObject("Object Repository/TestRail/Page_GSM Login/input_Password_password"), "4bOuNFpH31s4Qkh1shYRow=="): Text ****** has been set on object 'Object Repository/TestRail/Page_GSM Login/input_Password_password'

2019-10-30 09:51:12 - [MESSAGE][PASSED] - Text ****** has been set on object 'Object Repository/TestRail/Page_GSM Login/input_Password_password'

2019-10-30 09:51:12 - [TEST_STEP][PASSED] - click(findTestObject("Object Repository/TestRail/Page_GSM Login/button_Log In")): Object: 'Object Repository/TestRail/Page_GSM Login/button_Log In' is clicked on

2019-10-30 09:51:14 - [MESSAGE][PASSED] - Object: 'Object Repository/TestRail/Page_GSM Login/button_Log In' is clicked on

2019-10-30 09:51:14 - [TEST_STEP][PASSED] - closeBrowser(): Browser is closed

2019-10-30 09:51:15 - [MESSAGE][PASSED] - Browser is closed]]></system-out>
         <system-err><![CDATA[]]></system-err>
      </testcase>
      <testcase name="Test Cases/TestRail/Logout" time="34.682" classname="Test Cases/TestRail/Logout" status="PASSED">
         <system-out><![CDATA[2019-10-30 09:51:15 - [TEST_CASE][PASSED] - Test Cases/TestRail/Logout: Test Cases/TestRail/Logout

2019-10-30 09:51:15 - [TEST_STEP][PASSED] - openBrowser(""): Browser is opened with url: ''

2019-10-30 09:51:15 - [MESSAGE][INFO] - Starting 'Chrome' driver

2019-10-30 09:51:21 - [MESSAGE][PASSED] - Browser is opened with url: ''

2019-10-30 09:51:21 - [TEST_STEP][PASSED] - navigateToUrl("https://sandbox.gsm.auto/logout"): Navigate to 'https://sandbox.gsm.auto/logout' successfully

2019-10-30 09:51:28 - [MESSAGE][PASSED] - Navigate to 'https://sandbox.gsm.auto/logout' successfully

2019-10-30 09:51:28 - [TEST_STEP][PASSED] - click(findTestObject("Object Repository/TestRail/Page_GSM Portal/button_Log in")): Object: 'Object Repository/TestRail/Page_GSM Portal/button_Log in' is clicked on

2019-10-30 09:51:37 - [MESSAGE][PASSED] - Object: 'Object Repository/TestRail/Page_GSM Portal/button_Log in' is clicked on

2019-10-30 09:51:37 - [TEST_STEP][PASSED] - setText(findTestObject("Object Repository/TestRail/Page_GSM Login/input_Email Address_email"), "sankaran@totient.co.in"): Text 'sankaran@totient.co.in' is set on object 'Object Repository/TestRail/Page_GSM Login/input_Email Address_email'

2019-10-30 09:51:42 - [MESSAGE][PASSED] - Text 'sankaran@totient.co.in' is set on object 'Object Repository/TestRail/Page_GSM Login/input_Email Address_email'

2019-10-30 09:51:42 - [TEST_STEP][PASSED] - setEncryptedText(findTestObject("Object Repository/TestRail/Page_GSM Login/input_Password_password"), "4bOuNFpH31s4Qkh1shYRow=="): Text ****** has been set on object 'Object Repository/TestRail/Page_GSM Login/input_Password_password'

2019-10-30 09:51:46 - [MESSAGE][PASSED] - Text ****** has been set on object 'Object Repository/TestRail/Page_GSM Login/input_Password_password'

2019-10-30 09:51:46 - [TEST_STEP][PASSED] - click(findTestObject("Object Repository/TestRail/Page_GSM Login/button_Log In")): Object: 'Object Repository/TestRail/Page_GSM Login/button_Log In' is clicked on

2019-10-30 09:51:49 - [MESSAGE][PASSED] - Object: 'Object Repository/TestRail/Page_GSM Login/button_Log In' is clicked on

2019-10-30 09:51:49 - [TEST_STEP][PASSED] - closeBrowser(): Browser is closed

2019-10-30 09:51:50 - [MESSAGE][PASSED] - Browser is closed]]></system-out>
         <system-err><![CDATA[]]></system-err>
      </testcase>
      <testcase name="Test Cases/TestRail/Valid Login" time="32.223" classname="Test Cases/TestRail/Valid Login" status="PASSED">
         <system-out><![CDATA[2019-10-30 09:51:50 - [TEST_CASE][PASSED] - Test Cases/TestRail/Valid Login: Test Cases/TestRail/Valid Login

2019-10-30 09:51:50 - [TEST_STEP][PASSED] - openBrowser(""): Browser is opened with url: ''

2019-10-30 09:51:50 - [MESSAGE][INFO] - Starting 'Chrome' driver

2019-10-30 09:51:56 - [MESSAGE][PASSED] - Browser is opened with url: ''

2019-10-30 09:51:56 - [TEST_STEP][PASSED] - navigateToUrl("https://sandbox.gsm.auto/logout"): Navigate to 'https://sandbox.gsm.auto/logout' successfully

2019-10-30 09:52:02 - [MESSAGE][PASSED] - Navigate to 'https://sandbox.gsm.auto/logout' successfully

2019-10-30 09:52:02 - [TEST_STEP][PASSED] - click(findTestObject("Object Repository/TestRail/Page_GSM Portal/button_Log in")): Object: 'Object Repository/TestRail/Page_GSM Portal/button_Log in' is clicked on

2019-10-30 09:52:09 - [MESSAGE][PASSED] - Object: 'Object Repository/TestRail/Page_GSM Portal/button_Log in' is clicked on

2019-10-30 09:52:09 - [TEST_STEP][PASSED] - setText(findTestObject("Object Repository/TestRail/Page_GSM Login/input_Email Address_email"), "sankaran@totient.co.in"): Text 'sankaran@totient.co.in' is set on object 'Object Repository/TestRail/Page_GSM Login/input_Email Address_email'

2019-10-30 09:52:14 - [MESSAGE][PASSED] - Text 'sankaran@totient.co.in' is set on object 'Object Repository/TestRail/Page_GSM Login/input_Email Address_email'

2019-10-30 09:52:14 - [TEST_STEP][PASSED] - setEncryptedText(findTestObject("Object Repository/TestRail/Page_GSM Login/input_Password_password"), "4bOuNFpH31s4Qkh1shYRow=="): Text ****** has been set on object 'Object Repository/TestRail/Page_GSM Login/input_Password_password'

2019-10-30 09:52:19 - [MESSAGE][PASSED] - Text ****** has been set on object 'Object Repository/TestRail/Page_GSM Login/input_Password_password'

2019-10-30 09:52:19 - [TEST_STEP][PASSED] - click(findTestObject("Object Repository/TestRail/Page_GSM Login/button_Log In")): Object: 'Object Repository/TestRail/Page_GSM Login/button_Log In' is clicked on

2019-10-30 09:52:21 - [MESSAGE][PASSED] - Object: 'Object Repository/TestRail/Page_GSM Login/button_Log In' is clicked on

2019-10-30 09:52:21 - [TEST_STEP][PASSED] - closeBrowser(): Browser is closed

2019-10-30 09:52:22 - [MESSAGE][PASSED] - Browser is closed]]></system-out>
         <system-err><![CDATA[]]></system-err>
      </testcase>
      <system-out><![CDATA[2019-10-30 09:49:28 - [TEST_SUITE][PASSED] - R12: Test Cases/TestRail/Valid Login]]></system-out>
      <system-err><![CDATA[]]></system-err>
   </testsuite>
</testsuites>
