<?xml version="1.0" encoding="UTF-8" standalone="yes"?>
<testsuites name="Regression Offers" time="242" tests="5" failures="0" errors="0">
    <testsuite name="Regression Offers" tests="5" failures="0" errors="0" time="242" timestamp="2019-10-25 11:14:08" hostname="Dell - DESKTOP-A4R0EHC" id="Test Suites/UI Suits/Regression Offers">
        <properties>
            <property name="deviceName" value=""/>
            <property name="devicePlatform" value=""/>
            <property name="logFolder" value="C:\\Users\\Dell\\Katalon Studio\\GSM Demo\\Reports\\20191025_111359\\UI Suits\\Regression Offers\\20191025_111359"/>
            <property name="logFiles" value="C:\\Users\\Dell\\Katalon Studio\\GSM Demo\\Reports\\20191025_111359\\UI Suits\\Regression Offers\\20191025_111359\\execution0.log"/>
            <property name="attachments" value=""/>
            <property name="hostName" value="Dell - DESKTOP-A4R0EHC"/>
            <property name="os" value="Windows 10 64bit"/>
            <property name="katalonVersion" value="6.3.3.11"/>
            <property name="browser" value="Chrome 77.0.3865.120"/>
            <property name="hostAddress" value="192.168.0.110"/>
            <property name="sessionId" value="d5e96a8fe3cfab29895b39c652a31a8e"/>
            <property name="seleniumVersion" value="3.141.59"/>
            <property name="proxyInformation" value="ProxyInformation{proxyOption=NO_PROXY, proxyServerType=HTTP, password=, proxyServerAddress=, proxyServerPort=0}"/>
            <property name="platform" value="Windows 10"/>
        </properties>
        <testcase name="Test Cases/UI Test Scenarios/Modules/Login/GSM Login" classname="Test Cases/UI Test Scenarios/Modules/Login/GSM Login" status="PASSED">
            <system-out>2019-10-25 11:14:08 - [TEST_CASE][PASSED] - Test Cases/UI Test Scenarios/Modules/Login/GSM Login: Test Cases/UI Test Scenarios/Modules/Login/GSM Login&#xD;
&#xD;
2019-10-25 11:14:09 - [TEST_STEP][PASSED] - openBrowser(""): Browser is opened with url: ''&#xD;
&#xD;
2019-10-25 11:14:10 - [MESSAGE][INFO] - Starting 'Chrome' driver&#xD;
&#xD;
2019-10-25 11:14:10 - [MESSAGE][INFO] - Action delay is set to 2 seconds&#xD;
&#xD;
2019-10-25 11:14:21 - [MESSAGE][PASSED] - Browser is opened with url: ''&#xD;
&#xD;
2019-10-25 11:14:21 - [TEST_STEP][PASSED] - navigateToUrl(url): Navigate to 'https://sandbox.gsm.auto/logout' successfully&#xD;
&#xD;
2019-10-25 11:14:31 - [MESSAGE][PASSED] - Navigate to 'https://sandbox.gsm.auto/logout' successfully&#xD;
&#xD;
2019-10-25 11:14:31 - [TEST_STEP][PASSED] - maximizeWindow(): Current window maximized&#xD;
&#xD;
2019-10-25 11:14:37 - [MESSAGE][PASSED] - Current window maximized&#xD;
&#xD;
2019-10-25 11:14:37 - [TEST_STEP][PASSED] - click(findTestObject("UI Test Scenarios/Modules/GSM Login/Page_GSM Portal/button_Log in")): Object: 'Object Repository/UI Test Scenarios/Modules/GSM Login/Page_GSM Portal/button_Log in' is clicked on&#xD;
&#xD;
2019-10-25 11:14:46 - [MESSAGE][PASSED] - Object: 'Object Repository/UI Test Scenarios/Modules/GSM Login/Page_GSM Portal/button_Log in' is clicked on&#xD;
&#xD;
2019-10-25 11:14:46 - [TEST_STEP][PASSED] - delay(3): Delayed 3 second(s)&#xD;
&#xD;
2019-10-25 11:14:49 - [MESSAGE][PASSED] - Delayed 3 second(s)&#xD;
&#xD;
2019-10-25 11:14:49 - [TEST_STEP][PASSED] - setText(findTestObject("UI Test Scenarios/Modules/GSM Login/Page_GSM Login/input_Email Address_email"), username): Text 'sankaran@totient.co.in' is set on object 'Object Repository/UI Test Scenarios/Modules/GSM Login/Page_GSM Login/input_Email Address_email'&#xD;
&#xD;
2019-10-25 11:14:56 - [MESSAGE][PASSED] - Text 'sankaran@totient.co.in' is set on object 'Object Repository/UI Test Scenarios/Modules/GSM Login/Page_GSM Login/input_Email Address_email'&#xD;
&#xD;
2019-10-25 11:14:56 - [TEST_STEP][PASSED] - delay(2): Delayed 2 second(s)&#xD;
&#xD;
2019-10-25 11:14:58 - [MESSAGE][PASSED] - Delayed 2 second(s)&#xD;
&#xD;
2019-10-25 11:14:58 - [TEST_STEP][PASSED] - setText(findTestObject("UI Test Scenarios/Modules/GSM Login/Page_GSM Login/input_Password_password"), password): Text 'sandbox85!' is set on object 'Object Repository/UI Test Scenarios/Modules/GSM Login/Page_GSM Login/input_Password_password'&#xD;
&#xD;
2019-10-25 11:15:04 - [MESSAGE][PASSED] - Text 'sandbox85!' is set on object 'Object Repository/UI Test Scenarios/Modules/GSM Login/Page_GSM Login/input_Password_password'&#xD;
&#xD;
2019-10-25 11:15:04 - [TEST_STEP][PASSED] - click(findTestObject("UI Test Scenarios/Modules/GSM Login/Page_GSM Login/button_Log In")): Object: 'Object Repository/UI Test Scenarios/Modules/GSM Login/Page_GSM Login/button_Log In' is clicked on&#xD;
&#xD;
2019-10-25 11:15:08 - [MESSAGE][PASSED] - Object: 'Object Repository/UI Test Scenarios/Modules/GSM Login/Page_GSM Login/button_Log In' is clicked on&#xD;
&#xD;
2019-10-25 11:15:08 - [TEST_STEP][PASSED] - delay(5): Delayed 5 second(s)&#xD;
&#xD;
2019-10-25 11:15:13 - [MESSAGE][PASSED] - Delayed 5 second(s)&#xD;
&#xD;
2019-10-25 11:15:13 - [TEST_STEP][PASSED] - verifyElementText(findTestObject("UI Test Scenarios/Modules/GSM Login/div_Welcome Sankaran"), "Welcome, Sankaran"): Actual text and expected text of test object 'Object Repository/UI Test Scenarios/Modules/GSM Login/div_Welcome Sankaran' are matched.&#xD;
&#xD;
2019-10-25 11:15:20 - [MESSAGE][PASSED] - Actual text and expected text of test object 'Object Repository/UI Test Scenarios/Modules/GSM Login/div_Welcome Sankaran' are matched.</system-out>
            <system-err></system-err>
        </testcase>
        <testcase name="Test Cases/UI Test Scenarios/Modules/Content Management/OFFERS/Create Offer" classname="Test Cases/UI Test Scenarios/Modules/Content Management/OFFERS/Create Offer" status="PASSED">
            <system-out>2019-10-25 11:15:20 - [TEST_CASE][PASSED] - Test Cases/UI Test Scenarios/Modules/Content Management/OFFERS/Create Offer: Test Cases/UI Test Scenarios/Modules/Content Management/OFFERS/Create Offer&#xD;
&#xD;
2019-10-25 11:15:21 - [TEST_STEP][PASSED] - click(findTestObject("UI Test Scenarios/Modules/Content Management/OFFERS/Create Offer/Page_Dashboard/div_Content")): Object: 'Object Repository/UI Test Scenarios/Modules/Content Management/OFFERS/Create Offer/Page_Dashboard/div_Content' is clicked on&#xD;
&#xD;
2019-10-25 11:15:25 - [MESSAGE][PASSED] - Object: 'Object Repository/UI Test Scenarios/Modules/Content Management/OFFERS/Create Offer/Page_Dashboard/div_Content' is clicked on&#xD;
&#xD;
2019-10-25 11:15:25 - [TEST_STEP][PASSED] - click(findTestObject("UI Test Scenarios/Modules/Content Management/OFFERS/Create Offer/Page_Templates/a_Offers")): Object: 'Object Repository/UI Test Scenarios/Modules/Content Management/OFFERS/Create Offer/Page_Templates/a_Offers' is clicked on&#xD;
&#xD;
2019-10-25 11:15:29 - [MESSAGE][PASSED] - Object: 'Object Repository/UI Test Scenarios/Modules/Content Management/OFFERS/Create Offer/Page_Templates/a_Offers' is clicked on&#xD;
&#xD;
2019-10-25 11:15:29 - [TEST_STEP][PASSED] - click(findTestObject("UI Test Scenarios/Modules/Content Management/OFFERS/Create Offer/Page_Offers/a_New Offer")): Object: 'Object Repository/UI Test Scenarios/Modules/Content Management/OFFERS/Create Offer/Page_Offers/a_New Offer' is clicked on&#xD;
&#xD;
2019-10-25 11:15:34 - [MESSAGE][PASSED] - Object: 'Object Repository/UI Test Scenarios/Modules/Content Management/OFFERS/Create Offer/Page_Offers/a_New Offer' is clicked on&#xD;
&#xD;
2019-10-25 11:15:34 - [TEST_STEP][PASSED] - setText(findTestObject("UI Test Scenarios/Modules/Content Management/OFFERS/Create Offer/Page_Offers/input_Offer Name_name"), "abc"): Text 'abc' is set on object 'Object Repository/UI Test Scenarios/Modules/Content Management/OFFERS/Create Offer/Page_Offers/input_Offer Name_name'&#xD;
&#xD;
2019-10-25 11:15:43 - [MESSAGE][PASSED] - Text 'abc' is set on object 'Object Repository/UI Test Scenarios/Modules/Content Management/OFFERS/Create Offer/Page_Offers/input_Offer Name_name'&#xD;
&#xD;
2019-10-25 11:15:43 - [TEST_STEP][PASSED] - click(findTestObject("UI Test Scenarios/Modules/Content Management/OFFERS/Create Offer/Page_Offers/input_Marketing Category_marketingCategory")): Object: 'Object Repository/UI Test Scenarios/Modules/Content Management/OFFERS/Create Offer/Page_Offers/input_Marketing Category_marketingCategory' is clicked on&#xD;
&#xD;
2019-10-25 11:15:47 - [MESSAGE][PASSED] - Object: 'Object Repository/UI Test Scenarios/Modules/Content Management/OFFERS/Create Offer/Page_Offers/input_Marketing Category_marketingCategory' is clicked on&#xD;
&#xD;
2019-10-25 11:15:47 - [TEST_STEP][PASSED] - setText(findTestObject("UI Test Scenarios/Modules/Content Management/OFFERS/Create Offer/Page_Offers/textarea_Offer Description_description"), "abc"): Text 'abc' is set on object 'Object Repository/UI Test Scenarios/Modules/Content Management/OFFERS/Create Offer/Page_Offers/textarea_Offer Description_description'&#xD;
&#xD;
2019-10-25 11:15:53 - [MESSAGE][PASSED] - Text 'abc' is set on object 'Object Repository/UI Test Scenarios/Modules/Content Management/OFFERS/Create Offer/Page_Offers/textarea_Offer Description_description'&#xD;
&#xD;
2019-10-25 11:15:53 - [TEST_STEP][PASSED] - setText(findTestObject("UI Test Scenarios/Modules/Content Management/OFFERS/Create Offer/Page_Offers/input_Objects set to expire will be automatically archived_expiration"), "10/20/2019"): Text '10/20/2019' is set on object 'Object Repository/UI Test Scenarios/Modules/Content Management/OFFERS/Create Offer/Page_Offers/input_Objects set to expire will be automatically archived_expiration'&#xD;
&#xD;
2019-10-25 11:16:00 - [MESSAGE][PASSED] - Text '10/20/2019' is set on object 'Object Repository/UI Test Scenarios/Modules/Content Management/OFFERS/Create Offer/Page_Offers/input_Objects set to expire will be automatically archived_expiration'&#xD;
&#xD;
2019-10-25 11:16:00 - [TEST_STEP][PASSED] - click(findTestObject("UI Test Scenarios/Modules/Content Management/OFFERS/Create Offer/Page_Offers/button_Select")): Object: 'Object Repository/UI Test Scenarios/Modules/Content Management/OFFERS/Create Offer/Page_Offers/button_Select' is clicked on&#xD;
&#xD;
2019-10-25 11:16:04 - [MESSAGE][PASSED] - Object: 'Object Repository/UI Test Scenarios/Modules/Content Management/OFFERS/Create Offer/Page_Offers/button_Select' is clicked on&#xD;
&#xD;
2019-10-25 11:16:04 - [TEST_STEP][PASSED] - click(findTestObject("UI Test Scenarios/Modules/Content Management/OFFERS/Create Offer/Page_Offers/a_English (US)")): Object: 'Object Repository/UI Test Scenarios/Modules/Content Management/OFFERS/Create Offer/Page_Offers/a_English (US)' is clicked on&#xD;
&#xD;
2019-10-25 11:16:09 - [MESSAGE][PASSED] - Object: 'Object Repository/UI Test Scenarios/Modules/Content Management/OFFERS/Create Offer/Page_Offers/a_English (US)' is clicked on&#xD;
&#xD;
2019-10-25 11:16:09 - [TEST_STEP][PASSED] - click(findTestObject("UI Test Scenarios/Modules/Content Management/OFFERS/Create Offer/Page_Offers/button_Next")): Object: 'Object Repository/UI Test Scenarios/Modules/Content Management/OFFERS/Create Offer/Page_Offers/button_Next' is clicked on&#xD;
&#xD;
2019-10-25 11:16:13 - [MESSAGE][PASSED] - Object: 'Object Repository/UI Test Scenarios/Modules/Content Management/OFFERS/Create Offer/Page_Offers/button_Next' is clicked on&#xD;
&#xD;
2019-10-25 11:16:13 - [TEST_STEP][PASSED] - setText(findTestObject("UI Test Scenarios/Modules/Content Management/OFFERS/Create Offer/Page_Offers/textarea_Title_title"), "abc"): Text 'abc' is set on object 'Object Repository/UI Test Scenarios/Modules/Content Management/OFFERS/Create Offer/Page_Offers/textarea_Title_title'&#xD;
&#xD;
2019-10-25 11:16:23 - [MESSAGE][PASSED] - Text 'abc' is set on object 'Object Repository/UI Test Scenarios/Modules/Content Management/OFFERS/Create Offer/Page_Offers/textarea_Title_title'&#xD;
&#xD;
2019-10-25 11:16:23 - [TEST_STEP][PASSED] - setText(findTestObject("UI Test Scenarios/Modules/Content Management/OFFERS/Create Offer/Page_Offers/textarea_Subtitle_subtitle"), "abc"): Text 'abc' is set on object 'Object Repository/UI Test Scenarios/Modules/Content Management/OFFERS/Create Offer/Page_Offers/textarea_Subtitle_subtitle'&#xD;
&#xD;
2019-10-25 11:16:29 - [MESSAGE][PASSED] - Text 'abc' is set on object 'Object Repository/UI Test Scenarios/Modules/Content Management/OFFERS/Create Offer/Page_Offers/textarea_Subtitle_subtitle'&#xD;
&#xD;
2019-10-25 11:16:29 - [TEST_STEP][PASSED] - setText(findTestObject("UI Test Scenarios/Modules/Content Management/OFFERS/Create Offer/Page_Offers/textarea_Body_body"), "abc"): Text 'abc' is set on object 'Object Repository/UI Test Scenarios/Modules/Content Management/OFFERS/Create Offer/Page_Offers/textarea_Body_body'&#xD;
&#xD;
2019-10-25 11:16:36 - [MESSAGE][PASSED] - Text 'abc' is set on object 'Object Repository/UI Test Scenarios/Modules/Content Management/OFFERS/Create Offer/Page_Offers/textarea_Body_body'&#xD;
&#xD;
2019-10-25 11:16:36 - [TEST_STEP][PASSED] - setText(findTestObject("UI Test Scenarios/Modules/Content Management/OFFERS/Create Offer/Page_Offers/input_Offer_offer"), "123"): Text '123' is set on object 'Object Repository/UI Test Scenarios/Modules/Content Management/OFFERS/Create Offer/Page_Offers/input_Offer_offer'&#xD;
&#xD;
2019-10-25 11:16:42 - [MESSAGE][PASSED] - Text '123' is set on object 'Object Repository/UI Test Scenarios/Modules/Content Management/OFFERS/Create Offer/Page_Offers/input_Offer_offer'&#xD;
&#xD;
2019-10-25 11:16:42 - [TEST_STEP][PASSED] - click(findTestObject("UI Test Scenarios/Modules/Content Management/OFFERS/Create Offer/Page_Offers/button_Select_1")): Object: 'Object Repository/UI Test Scenarios/Modules/Content Management/OFFERS/Create Offer/Page_Offers/button_Select_1' is clicked on&#xD;
&#xD;
2019-10-25 11:16:46 - [MESSAGE][PASSED] - Object: 'Object Repository/UI Test Scenarios/Modules/Content Management/OFFERS/Create Offer/Page_Offers/button_Select_1' is clicked on&#xD;
&#xD;
2019-10-25 11:16:46 - [TEST_STEP][PASSED] - click(findTestObject("UI Test Scenarios/Modules/Content Management/OFFERS/Create Offer/Page_Offers/a_No Expiration Date")): Object: 'Object Repository/UI Test Scenarios/Modules/Content Management/OFFERS/Create Offer/Page_Offers/a_No Expiration Date' is clicked on&#xD;
&#xD;
2019-10-25 11:16:51 - [MESSAGE][PASSED] - Object: 'Object Repository/UI Test Scenarios/Modules/Content Management/OFFERS/Create Offer/Page_Offers/a_No Expiration Date' is clicked on&#xD;
&#xD;
2019-10-25 11:16:51 - [TEST_STEP][PASSED] - setText(findTestObject("UI Test Scenarios/Modules/Content Management/OFFERS/Create Offer/Page_Offers/textarea_Terms  Conditions_termsAndConditions"), "abc"): Text 'abc' is set on object 'Object Repository/UI Test Scenarios/Modules/Content Management/OFFERS/Create Offer/Page_Offers/textarea_Terms  Conditions_termsAndConditions'&#xD;
&#xD;
2019-10-25 11:16:57 - [MESSAGE][PASSED] - Text 'abc' is set on object 'Object Repository/UI Test Scenarios/Modules/Content Management/OFFERS/Create Offer/Page_Offers/textarea_Terms  Conditions_termsAndConditions'&#xD;
&#xD;
2019-10-25 11:16:57 - [TEST_STEP][PASSED] - click(findTestObject("UI Test Scenarios/Modules/Content Management/OFFERS/Create Offer/Page_Offers/button_Create")): Object: 'Object Repository/UI Test Scenarios/Modules/Content Management/OFFERS/Create Offer/Page_Offers/button_Create' is clicked on&#xD;
&#xD;
2019-10-25 11:17:01 - [MESSAGE][PASSED] - Object: 'Object Repository/UI Test Scenarios/Modules/Content Management/OFFERS/Create Offer/Page_Offers/button_Create' is clicked on</system-out>
            <system-err></system-err>
        </testcase>
        <testcase name="Test Cases/UI Test Scenarios/Modules/Content Management/OFFERS/Edit Offer" classname="Test Cases/UI Test Scenarios/Modules/Content Management/OFFERS/Edit Offer" status="PASSED">
            <system-out>2019-10-25 11:17:01 - [TEST_CASE][PASSED] - Test Cases/UI Test Scenarios/Modules/Content Management/OFFERS/Edit Offer: Test Cases/UI Test Scenarios/Modules/Content Management/OFFERS/Edit Offer&#xD;
&#xD;
2019-10-25 11:17:02 - [TEST_STEP][PASSED] - delay(5): Delayed 5 second(s)&#xD;
&#xD;
2019-10-25 11:17:07 - [MESSAGE][PASSED] - Delayed 5 second(s)&#xD;
&#xD;
2019-10-25 11:17:07 - [TEST_STEP][PASSED] - click(findTestObject("UI Test Scenarios/Modules/Content Management/OFFERS/Edit Offer/Page_Templates/a_Offers")): Object: 'Object Repository/UI Test Scenarios/Modules/Content Management/OFFERS/Edit Offer/Page_Templates/a_Offers' is clicked on&#xD;
&#xD;
2019-10-25 11:17:11 - [MESSAGE][PASSED] - Object: 'Object Repository/UI Test Scenarios/Modules/Content Management/OFFERS/Edit Offer/Page_Templates/a_Offers' is clicked on&#xD;
&#xD;
2019-10-25 11:17:11 - [TEST_STEP][PASSED] - click(findTestObject("UI Test Scenarios/Modules/Content Management/OFFERS/Edit Offer/Page_Offers/a_abc")): Object: 'Object Repository/UI Test Scenarios/Modules/Content Management/OFFERS/Edit Offer/Page_Offers/a_abc' is clicked on&#xD;
&#xD;
2019-10-25 11:17:15 - [MESSAGE][PASSED] - Object: 'Object Repository/UI Test Scenarios/Modules/Content Management/OFFERS/Edit Offer/Page_Offers/a_abc' is clicked on&#xD;
&#xD;
2019-10-25 11:17:15 - [TEST_STEP][PASSED] - click(findTestObject("UI Test Scenarios/Modules/Content Management/OFFERS/Edit Offer/Page_Offers/button_Yes Edit")): Object: 'Object Repository/UI Test Scenarios/Modules/Content Management/OFFERS/Edit Offer/Page_Offers/button_Yes Edit' is clicked on&#xD;
&#xD;
2019-10-25 11:17:19 - [MESSAGE][PASSED] - Object: 'Object Repository/UI Test Scenarios/Modules/Content Management/OFFERS/Edit Offer/Page_Offers/button_Yes Edit' is clicked on&#xD;
&#xD;
2019-10-25 11:17:19 - [TEST_STEP][PASSED] - click(findTestObject("UI Test Scenarios/Modules/Content Management/OFFERS/Edit Offer/Page_Offers/input_Aquisition_marketingCategory")): Object: 'Object Repository/UI Test Scenarios/Modules/Content Management/OFFERS/Edit Offer/Page_Offers/input_Aquisition_marketingCategory' is clicked on&#xD;
&#xD;
2019-10-25 11:17:26 - [MESSAGE][PASSED] - Object: 'Object Repository/UI Test Scenarios/Modules/Content Management/OFFERS/Edit Offer/Page_Offers/input_Aquisition_marketingCategory' is clicked on&#xD;
&#xD;
2019-10-25 11:17:26 - [TEST_STEP][PASSED] - click(findTestObject("UI Test Scenarios/Modules/Content Management/OFFERS/Edit Offer/Page_Offers/button_Next")): Object: 'Object Repository/UI Test Scenarios/Modules/Content Management/OFFERS/Edit Offer/Page_Offers/button_Next' is clicked on&#xD;
&#xD;
2019-10-25 11:17:30 - [MESSAGE][PASSED] - Object: 'Object Repository/UI Test Scenarios/Modules/Content Management/OFFERS/Edit Offer/Page_Offers/button_Next' is clicked on&#xD;
&#xD;
2019-10-25 11:17:30 - [TEST_STEP][PASSED] - delay(2): Delayed 2 second(s)&#xD;
&#xD;
2019-10-25 11:17:32 - [MESSAGE][PASSED] - Delayed 2 second(s)&#xD;
&#xD;
2019-10-25 11:17:32 - [TEST_STEP][PASSED] - click(findTestObject("UI Test Scenarios/Modules/Content Management/OFFERS/Edit Offer/Page_Offers/button_Make Active")): Object: 'Object Repository/UI Test Scenarios/Modules/Content Management/OFFERS/Edit Offer/Page_Offers/button_Make Active' is clicked on&#xD;
&#xD;
2019-10-25 11:17:37 - [MESSAGE][PASSED] - Object: 'Object Repository/UI Test Scenarios/Modules/Content Management/OFFERS/Edit Offer/Page_Offers/button_Make Active' is clicked on&#xD;
&#xD;
2019-10-25 11:17:37 - [TEST_STEP][PASSED] - click(findTestObject("UI Test Scenarios/Modules/Content Management/OFFERS/Edit Offer/Page_Offers/button_Yes Make Active")): Object: 'Object Repository/UI Test Scenarios/Modules/Content Management/OFFERS/Edit Offer/Page_Offers/button_Yes Make Active' is clicked on&#xD;
&#xD;
2019-10-25 11:17:41 - [MESSAGE][PASSED] - Object: 'Object Repository/UI Test Scenarios/Modules/Content Management/OFFERS/Edit Offer/Page_Offers/button_Yes Make Active' is clicked on</system-out>
            <system-err></system-err>
        </testcase>
        <testcase name="Test Cases/UI Test Scenarios/Modules/Content Management/OFFERS/Delete Offer" classname="Test Cases/UI Test Scenarios/Modules/Content Management/OFFERS/Delete Offer" status="PASSED">
            <system-out>2019-10-25 11:17:41 - [TEST_CASE][PASSED] - Test Cases/UI Test Scenarios/Modules/Content Management/OFFERS/Delete Offer: Test Cases/UI Test Scenarios/Modules/Content Management/OFFERS/Delete Offer&#xD;
&#xD;
2019-10-25 11:17:41 - [TEST_STEP][PASSED] - delay(5): Delayed 5 second(s)&#xD;
&#xD;
2019-10-25 11:17:46 - [MESSAGE][PASSED] - Delayed 5 second(s)&#xD;
&#xD;
2019-10-25 11:17:46 - [TEST_STEP][PASSED] - delay(2): Delayed 2 second(s)&#xD;
&#xD;
2019-10-25 11:17:48 - [MESSAGE][PASSED] - Delayed 2 second(s)&#xD;
&#xD;
2019-10-25 11:17:48 - [TEST_STEP][PASSED] - click(findTestObject("UI Test Scenarios/Modules/Content Management/OFFERS/Delete Offer/Page_Offers/div_Most Recent Uploads_library-table-checkbox no-label checkbox")): Object: 'Object Repository/UI Test Scenarios/Modules/Content Management/OFFERS/Delete Offer/Page_Offers/div_Most Recent Uploads_library-table-checkbox no-label checkbox' is clicked on&#xD;
&#xD;
2019-10-25 11:17:53 - [MESSAGE][PASSED] - Object: 'Object Repository/UI Test Scenarios/Modules/Content Management/OFFERS/Delete Offer/Page_Offers/div_Most Recent Uploads_library-table-checkbox no-label checkbox' is clicked on&#xD;
&#xD;
2019-10-25 11:17:53 - [TEST_STEP][PASSED] - click(findTestObject("UI Test Scenarios/Modules/Content Management/OFFERS/Delete Offer/Page_Offers/span_Delete")): Object: 'Object Repository/UI Test Scenarios/Modules/Content Management/OFFERS/Delete Offer/Page_Offers/span_Delete' is clicked on&#xD;
&#xD;
2019-10-25 11:17:57 - [MESSAGE][PASSED] - Object: 'Object Repository/UI Test Scenarios/Modules/Content Management/OFFERS/Delete Offer/Page_Offers/span_Delete' is clicked on&#xD;
&#xD;
2019-10-25 11:17:57 - [TEST_STEP][PASSED] - click(findTestObject("UI Test Scenarios/Modules/Content Management/OFFERS/Delete Offer/Page_Offers/button_Yes")): Object: 'Object Repository/UI Test Scenarios/Modules/Content Management/OFFERS/Delete Offer/Page_Offers/button_Yes' is clicked on&#xD;
&#xD;
2019-10-25 11:18:01 - [MESSAGE][PASSED] - Object: 'Object Repository/UI Test Scenarios/Modules/Content Management/OFFERS/Delete Offer/Page_Offers/button_Yes' is clicked on</system-out>
            <system-err></system-err>
        </testcase>
        <testcase name="Test Cases/UI Test Scenarios/Modules/Logout/GSM Logout" classname="Test Cases/UI Test Scenarios/Modules/Logout/GSM Logout" status="PASSED">
            <system-out>2019-10-25 11:18:01 - [TEST_CASE][PASSED] - Test Cases/UI Test Scenarios/Modules/Logout/GSM Logout: Test Cases/UI Test Scenarios/Modules/Logout/GSM Logout&#xD;
&#xD;
2019-10-25 11:18:01 - [TEST_STEP][PASSED] - click(findTestObject("UI Test Scenarios/Modules/GSM Logout/Page_Templates/a_Help_user-panel-dropdown-4")): Object: 'Object Repository/UI Test Scenarios/Modules/GSM Logout/Page_Templates/a_Help_user-panel-dropdown-4' is clicked on&#xD;
&#xD;
2019-10-25 11:18:06 - [MESSAGE][PASSED] - Object: 'Object Repository/UI Test Scenarios/Modules/GSM Logout/Page_Templates/a_Help_user-panel-dropdown-4' is clicked on&#xD;
&#xD;
2019-10-25 11:18:06 - [TEST_STEP][PASSED] - click(findTestObject("UI Test Scenarios/Modules/GSM Logout/Page_Templates/a_Log Out")): Object: 'Object Repository/UI Test Scenarios/Modules/GSM Logout/Page_Templates/a_Log Out' is clicked on&#xD;
&#xD;
2019-10-25 11:18:10 - [MESSAGE][PASSED] - Object: 'Object Repository/UI Test Scenarios/Modules/GSM Logout/Page_Templates/a_Log Out' is clicked on</system-out>
            <system-err></system-err>
        </testcase>
        <system-out>2019-10-25 11:14:08 - [TEST_SUITE][INCOMPLETE] - Regression Offers: null</system-out>
        <system-err>2019-10-25 11:14:08 - [TEST_SUITE][INCOMPLETE] - Regression Offers: null</system-err>
    </testsuite>
</testsuites>
