<?xml version="1.0" encoding="UTF-8" standalone="yes"?>
<testsuites name="Offers Regression" time="277" tests="5" failures="0" errors="0">
    <testsuite name="Offers Regression" tests="5" failures="0" errors="0" time="277" timestamp="2019-10-11 11:53:31" hostname="Dell - DESKTOP-A4R0EHC" id="Test Suites/Offers Regression">
        <properties>
            <property name="deviceName" value=""/>
            <property name="devicePlatform" value=""/>
            <property name="logFolder" value="C:\\Users\\Dell\\Katalon Studio\\GSM Demo\\Reports\\20191011_115328\\Offers Regression\\20191011_115328"/>
            <property name="logFiles" value="C:\\Users\\Dell\\Katalon Studio\\GSM Demo\\Reports\\20191011_115328\\Offers Regression\\20191011_115328\\execution0.log"/>
            <property name="attachments" value=""/>
            <property name="hostName" value="Dell - DESKTOP-A4R0EHC"/>
            <property name="os" value="Windows 10 64bit"/>
            <property name="katalonVersion" value="6.3.3.11"/>
            <property name="browser" value="Chrome 77.0.3865.90"/>
            <property name="hostAddress" value="192.168.0.110"/>
            <property name="sessionId" value="a141d07abe0c0a1df3b437daacb57b29"/>
            <property name="seleniumVersion" value="3.141.59"/>
            <property name="proxyInformation" value="ProxyInformation{proxyOption=NO_PROXY, proxyServerType=HTTP, password=, proxyServerAddress=, proxyServerPort=0}"/>
            <property name="platform" value="Windows 10"/>
        </properties>
        <testcase name="Test Cases/Test Scenarios/Regression/Login/GSM Login" classname="Test Cases/Test Scenarios/Regression/Login/GSM Login" status="PASSED">
            <system-out>2019-10-11 11:53:31 - [TEST_CASE][PASSED] - Test Cases/Test Scenarios/Regression/Login/GSM Login: Test Cases/Test Scenarios/Regression/Login/GSM Login&#xD;
&#xD;
2019-10-11 11:53:31 - [TEST_STEP][PASSED] - openBrowser(""): Browser is opened with url: ''&#xD;
&#xD;
2019-10-11 11:53:32 - [MESSAGE][INFO] - Starting 'Chrome' driver&#xD;
&#xD;
2019-10-11 11:53:32 - [MESSAGE][INFO] - Action delay is set to 2 seconds&#xD;
&#xD;
2019-10-11 11:53:43 - [MESSAGE][PASSED] - Browser is opened with url: ''&#xD;
&#xD;
2019-10-11 11:53:43 - [TEST_STEP][PASSED] - navigateToUrl("https://sandbox.gsm.auto/logout"): Navigate to 'https://sandbox.gsm.auto/logout' successfully&#xD;
&#xD;
2019-10-11 11:53:51 - [MESSAGE][PASSED] - Navigate to 'https://sandbox.gsm.auto/logout' successfully&#xD;
&#xD;
2019-10-11 11:53:51 - [TEST_STEP][PASSED] - click(findTestObject("Object Repository/GSM Login/Page_GSM Portal/button_Log in")): Object: 'Object Repository/GSM Login/Page_GSM Portal/button_Log in' is clicked on&#xD;
&#xD;
2019-10-11 11:53:58 - [MESSAGE][PASSED] - Object: 'Object Repository/GSM Login/Page_GSM Portal/button_Log in' is clicked on&#xD;
&#xD;
2019-10-11 11:53:58 - [TEST_STEP][PASSED] - delay(3): Delayed 3 second(s)&#xD;
&#xD;
2019-10-11 11:54:01 - [MESSAGE][PASSED] - Delayed 3 second(s)&#xD;
&#xD;
2019-10-11 11:54:01 - [TEST_STEP][PASSED] - setText(findTestObject("Object Repository/GSM Login/Page_GSM Login/input_Email Address_email"), "sankaran@totient.co.in"): Text 'sankaran@totient.co.in' is set on object 'Object Repository/GSM Login/Page_GSM Login/input_Email Address_email'&#xD;
&#xD;
2019-10-11 11:54:08 - [MESSAGE][PASSED] - Text 'sankaran@totient.co.in' is set on object 'Object Repository/GSM Login/Page_GSM Login/input_Email Address_email'&#xD;
&#xD;
2019-10-11 11:54:08 - [TEST_STEP][PASSED] - setEncryptedText(findTestObject("Object Repository/GSM Login/Page_GSM Login/input_Password_password"), "4bOuNFpH31s4Qkh1shYRow=="): Text ****** has been set on object 'Object Repository/GSM Login/Page_GSM Login/input_Password_password'&#xD;
&#xD;
2019-10-11 11:54:14 - [MESSAGE][PASSED] - Text ****** has been set on object 'Object Repository/GSM Login/Page_GSM Login/input_Password_password'&#xD;
&#xD;
2019-10-11 11:54:14 - [TEST_STEP][PASSED] - click(findTestObject("Object Repository/GSM Login/Page_GSM Login/button_Log In")): Object: 'Object Repository/GSM Login/Page_GSM Login/button_Log In' is clicked on&#xD;
&#xD;
2019-10-11 11:54:19 - [MESSAGE][PASSED] - Object: 'Object Repository/GSM Login/Page_GSM Login/button_Log In' is clicked on</system-out>
            <system-err></system-err>
        </testcase>
        <testcase name="Test Cases/Test Scenarios/Regression/Offers/Create Offer" classname="Test Cases/Test Scenarios/Regression/Offers/Create Offer" status="PASSED">
            <system-out>2019-10-11 11:54:19 - [TEST_CASE][PASSED] - Test Cases/Test Scenarios/Regression/Offers/Create Offer: Test Cases/Test Scenarios/Regression/Offers/Create Offer&#xD;
&#xD;
2019-10-11 11:54:19 - [TEST_STEP][PASSED] - click(findTestObject("Object Repository/Create Offer/Page_Dashboard/div_Content")): Object: 'Object Repository/Create Offer/Page_Dashboard/div_Content' is clicked on&#xD;
&#xD;
2019-10-11 11:54:32 - [MESSAGE][PASSED] - Object: 'Object Repository/Create Offer/Page_Dashboard/div_Content' is clicked on&#xD;
&#xD;
2019-10-11 11:54:32 - [TEST_STEP][PASSED] - click(findTestObject("Object Repository/Create Offer/Page_Templates/a_Offers")): Object: 'Object Repository/Create Offer/Page_Templates/a_Offers' is clicked on&#xD;
&#xD;
2019-10-11 11:54:36 - [MESSAGE][PASSED] - Object: 'Object Repository/Create Offer/Page_Templates/a_Offers' is clicked on&#xD;
&#xD;
2019-10-11 11:54:36 - [TEST_STEP][PASSED] - click(findTestObject("Object Repository/Create Offer/Page_Offers/a_New Offer")): Object: 'Object Repository/Create Offer/Page_Offers/a_New Offer' is clicked on&#xD;
&#xD;
2019-10-11 11:54:40 - [MESSAGE][PASSED] - Object: 'Object Repository/Create Offer/Page_Offers/a_New Offer' is clicked on&#xD;
&#xD;
2019-10-11 11:54:40 - [TEST_STEP][PASSED] - setText(findTestObject("Object Repository/Create Offer/Page_Offers/input_Offer Name_name"), "abc"): Text 'abc' is set on object 'Object Repository/Create Offer/Page_Offers/input_Offer Name_name'&#xD;
&#xD;
2019-10-11 11:54:49 - [MESSAGE][PASSED] - Text 'abc' is set on object 'Object Repository/Create Offer/Page_Offers/input_Offer Name_name'&#xD;
&#xD;
2019-10-11 11:54:49 - [TEST_STEP][PASSED] - click(findTestObject("Object Repository/Create Offer/Page_Offers/input_Marketing Category_marketingCategory")): Object: 'Object Repository/Create Offer/Page_Offers/input_Marketing Category_marketingCategory' is clicked on&#xD;
&#xD;
2019-10-11 11:54:53 - [MESSAGE][PASSED] - Object: 'Object Repository/Create Offer/Page_Offers/input_Marketing Category_marketingCategory' is clicked on&#xD;
&#xD;
2019-10-11 11:54:53 - [TEST_STEP][PASSED] - setText(findTestObject("Object Repository/Create Offer/Page_Offers/textarea_Offer Description_description"), "a"): Text 'a' is set on object 'Object Repository/Create Offer/Page_Offers/textarea_Offer Description_description'&#xD;
&#xD;
2019-10-11 11:55:00 - [MESSAGE][PASSED] - Text 'a' is set on object 'Object Repository/Create Offer/Page_Offers/textarea_Offer Description_description'&#xD;
&#xD;
2019-10-11 11:55:00 - [TEST_STEP][PASSED] - setText(findTestObject("Object Repository/Create Offer/Page_Offers/textarea_a"), "ab"): Text 'ab' is set on object 'Object Repository/Create Offer/Page_Offers/textarea_a'&#xD;
&#xD;
2019-10-11 11:55:06 - [MESSAGE][PASSED] - Text 'ab' is set on object 'Object Repository/Create Offer/Page_Offers/textarea_a'&#xD;
&#xD;
2019-10-11 11:55:06 - [TEST_STEP][PASSED] - setText(findTestObject("Object Repository/Create Offer/Page_Offers/textarea_ab"), "abc"): Text 'abc' is set on object 'Object Repository/Create Offer/Page_Offers/textarea_ab'&#xD;
&#xD;
2019-10-11 11:55:12 - [MESSAGE][PASSED] - Text 'abc' is set on object 'Object Repository/Create Offer/Page_Offers/textarea_ab'&#xD;
&#xD;
2019-10-11 11:55:12 - [TEST_STEP][PASSED] - click(findTestObject("Object Repository/Create Offer/Page_Offers/button_Select")): Object: 'Object Repository/Create Offer/Page_Offers/button_Select' is clicked on&#xD;
&#xD;
2019-10-11 11:55:16 - [MESSAGE][PASSED] - Object: 'Object Repository/Create Offer/Page_Offers/button_Select' is clicked on&#xD;
&#xD;
2019-10-11 11:55:16 - [TEST_STEP][PASSED] - click(findTestObject("Object Repository/Create Offer/Page_Offers/a_English (US)")): Object: 'Object Repository/Create Offer/Page_Offers/a_English (US)' is clicked on&#xD;
&#xD;
2019-10-11 11:55:21 - [MESSAGE][PASSED] - Object: 'Object Repository/Create Offer/Page_Offers/a_English (US)' is clicked on&#xD;
&#xD;
2019-10-11 11:55:21 - [TEST_STEP][PASSED] - click(findTestObject("Object Repository/Create Offer/Page_Offers/button_Next")): Object: 'Object Repository/Create Offer/Page_Offers/button_Next' is clicked on&#xD;
&#xD;
2019-10-11 11:55:25 - [MESSAGE][PASSED] - Object: 'Object Repository/Create Offer/Page_Offers/button_Next' is clicked on&#xD;
&#xD;
2019-10-11 11:55:25 - [TEST_STEP][PASSED] - setText(findTestObject("Object Repository/Create Offer/Page_Offers/textarea_Title_title"), "a"): Text 'a' is set on object 'Object Repository/Create Offer/Page_Offers/textarea_Title_title'&#xD;
&#xD;
2019-10-11 11:55:34 - [MESSAGE][PASSED] - Text 'a' is set on object 'Object Repository/Create Offer/Page_Offers/textarea_Title_title'&#xD;
&#xD;
2019-10-11 11:55:34 - [TEST_STEP][PASSED] - setText(findTestObject("Object Repository/Create Offer/Page_Offers/textarea_a_1"), "ab"): Text 'ab' is set on object 'Object Repository/Create Offer/Page_Offers/textarea_a_1'&#xD;
&#xD;
2019-10-11 11:55:40 - [MESSAGE][PASSED] - Text 'ab' is set on object 'Object Repository/Create Offer/Page_Offers/textarea_a_1'&#xD;
&#xD;
2019-10-11 11:55:40 - [TEST_STEP][PASSED] - setText(findTestObject("Object Repository/Create Offer/Page_Offers/textarea_ab_1"), "abc"): Text 'abc' is set on object 'Object Repository/Create Offer/Page_Offers/textarea_ab_1'&#xD;
&#xD;
2019-10-11 11:55:47 - [MESSAGE][PASSED] - Text 'abc' is set on object 'Object Repository/Create Offer/Page_Offers/textarea_ab_1'&#xD;
&#xD;
2019-10-11 11:55:47 - [TEST_STEP][PASSED] - setText(findTestObject("Object Repository/Create Offer/Page_Offers/textarea_Subtitle_subtitle"), "a"): Text 'a' is set on object 'Object Repository/Create Offer/Page_Offers/textarea_Subtitle_subtitle'&#xD;
&#xD;
2019-10-11 11:55:53 - [MESSAGE][PASSED] - Text 'a' is set on object 'Object Repository/Create Offer/Page_Offers/textarea_Subtitle_subtitle'&#xD;
&#xD;
2019-10-11 11:55:53 - [TEST_STEP][PASSED] - setText(findTestObject("Object Repository/Create Offer/Page_Offers/textarea_a_2"), "ab"): Text 'ab' is set on object 'Object Repository/Create Offer/Page_Offers/textarea_a_2'&#xD;
&#xD;
2019-10-11 11:55:59 - [MESSAGE][PASSED] - Text 'ab' is set on object 'Object Repository/Create Offer/Page_Offers/textarea_a_2'&#xD;
&#xD;
2019-10-11 11:55:59 - [TEST_STEP][PASSED] - setText(findTestObject("Object Repository/Create Offer/Page_Offers/textarea_ab_2"), "abc"): Text 'abc' is set on object 'Object Repository/Create Offer/Page_Offers/textarea_ab_2'&#xD;
&#xD;
2019-10-11 11:56:06 - [MESSAGE][PASSED] - Text 'abc' is set on object 'Object Repository/Create Offer/Page_Offers/textarea_ab_2'&#xD;
&#xD;
2019-10-11 11:56:06 - [TEST_STEP][PASSED] - setText(findTestObject("Object Repository/Create Offer/Page_Offers/textarea_Body_body"), "a"): Text 'a' is set on object 'Object Repository/Create Offer/Page_Offers/textarea_Body_body'&#xD;
&#xD;
2019-10-11 11:56:12 - [MESSAGE][PASSED] - Text 'a' is set on object 'Object Repository/Create Offer/Page_Offers/textarea_Body_body'&#xD;
&#xD;
2019-10-11 11:56:12 - [TEST_STEP][PASSED] - setText(findTestObject("Object Repository/Create Offer/Page_Offers/textarea_a_3"), "ab"): Text 'ab' is set on object 'Object Repository/Create Offer/Page_Offers/textarea_a_3'&#xD;
&#xD;
2019-10-11 11:56:18 - [MESSAGE][PASSED] - Text 'ab' is set on object 'Object Repository/Create Offer/Page_Offers/textarea_a_3'&#xD;
&#xD;
2019-10-11 11:56:18 - [TEST_STEP][PASSED] - setText(findTestObject("Object Repository/Create Offer/Page_Offers/textarea_ab_3"), "abc"): Text 'abc' is set on object 'Object Repository/Create Offer/Page_Offers/textarea_ab_3'&#xD;
&#xD;
2019-10-11 11:56:24 - [MESSAGE][PASSED] - Text 'abc' is set on object 'Object Repository/Create Offer/Page_Offers/textarea_ab_3'&#xD;
&#xD;
2019-10-11 11:56:24 - [TEST_STEP][PASSED] - setText(findTestObject("Object Repository/Create Offer/Page_Offers/input_Offer_offer"), "123"): Text '123' is set on object 'Object Repository/Create Offer/Page_Offers/input_Offer_offer'&#xD;
&#xD;
2019-10-11 11:56:31 - [MESSAGE][PASSED] - Text '123' is set on object 'Object Repository/Create Offer/Page_Offers/input_Offer_offer'&#xD;
&#xD;
2019-10-11 11:56:31 - [TEST_STEP][PASSED] - click(findTestObject("Object Repository/Create Offer/Page_Offers/button_Select_1")): Object: 'Object Repository/Create Offer/Page_Offers/button_Select_1' is clicked on&#xD;
&#xD;
2019-10-11 11:56:35 - [MESSAGE][PASSED] - Object: 'Object Repository/Create Offer/Page_Offers/button_Select_1' is clicked on&#xD;
&#xD;
2019-10-11 11:56:35 - [TEST_STEP][PASSED] - click(findTestObject("Object Repository/Create Offer/Page_Offers/a_No Expiration Date")): Object: 'Object Repository/Create Offer/Page_Offers/a_No Expiration Date' is clicked on&#xD;
&#xD;
2019-10-11 11:56:40 - [MESSAGE][PASSED] - Object: 'Object Repository/Create Offer/Page_Offers/a_No Expiration Date' is clicked on&#xD;
&#xD;
2019-10-11 11:56:40 - [TEST_STEP][PASSED] - setText(findTestObject("Object Repository/Create Offer/Page_Offers/textarea_Terms  Conditions_termsAndConditions"), "a"): Text 'a' is set on object 'Object Repository/Create Offer/Page_Offers/textarea_Terms  Conditions_termsAndConditions'&#xD;
&#xD;
2019-10-11 11:56:46 - [MESSAGE][PASSED] - Text 'a' is set on object 'Object Repository/Create Offer/Page_Offers/textarea_Terms  Conditions_termsAndConditions'&#xD;
&#xD;
2019-10-11 11:56:46 - [TEST_STEP][PASSED] - setText(findTestObject("Object Repository/Create Offer/Page_Offers/textarea_a_4"), "ab"): Text 'ab' is set on object 'Object Repository/Create Offer/Page_Offers/textarea_a_4'&#xD;
&#xD;
2019-10-11 11:56:52 - [MESSAGE][PASSED] - Text 'ab' is set on object 'Object Repository/Create Offer/Page_Offers/textarea_a_4'&#xD;
&#xD;
2019-10-11 11:56:52 - [TEST_STEP][PASSED] - setText(findTestObject("Object Repository/Create Offer/Page_Offers/textarea_ab_4"), "abc"): Text 'abc' is set on object 'Object Repository/Create Offer/Page_Offers/textarea_ab_4'&#xD;
&#xD;
2019-10-11 11:56:59 - [MESSAGE][PASSED] - Text 'abc' is set on object 'Object Repository/Create Offer/Page_Offers/textarea_ab_4'&#xD;
&#xD;
2019-10-11 11:56:59 - [TEST_STEP][PASSED] - click(findTestObject("Object Repository/Create Offer/Page_Offers/button_Create")): Object: 'Object Repository/Create Offer/Page_Offers/button_Create' is clicked on&#xD;
&#xD;
2019-10-11 11:57:03 - [MESSAGE][PASSED] - Object: 'Object Repository/Create Offer/Page_Offers/button_Create' is clicked on</system-out>
            <system-err></system-err>
        </testcase>
        <testcase name="Test Cases/Test Scenarios/Regression/Offers/Edit Offer" classname="Test Cases/Test Scenarios/Regression/Offers/Edit Offer" status="PASSED">
            <system-out>2019-10-11 11:57:03 - [TEST_CASE][PASSED] - Test Cases/Test Scenarios/Regression/Offers/Edit Offer: Test Cases/Test Scenarios/Regression/Offers/Edit Offer&#xD;
&#xD;
2019-10-11 11:57:03 - [TEST_STEP][PASSED] - click(findTestObject("Object Repository/Edit Offer/Page_Templates/a_Offers")): Object: 'Object Repository/Edit Offer/Page_Templates/a_Offers' is clicked on&#xD;
&#xD;
2019-10-11 11:57:08 - [MESSAGE][PASSED] - Object: 'Object Repository/Edit Offer/Page_Templates/a_Offers' is clicked on&#xD;
&#xD;
2019-10-11 11:57:08 - [TEST_STEP][PASSED] - click(findTestObject("Object Repository/Edit Offer/Page_Offers/a_abc")): Object: 'Object Repository/Edit Offer/Page_Offers/a_abc' is clicked on&#xD;
&#xD;
2019-10-11 11:57:12 - [MESSAGE][PASSED] - Object: 'Object Repository/Edit Offer/Page_Offers/a_abc' is clicked on&#xD;
&#xD;
2019-10-11 11:57:12 - [TEST_STEP][PASSED] - click(findTestObject("Object Repository/Edit Offer/Page_Offers/button_Yes Edit")): Object: 'Object Repository/Edit Offer/Page_Offers/button_Yes Edit' is clicked on&#xD;
&#xD;
2019-10-11 11:57:16 - [MESSAGE][PASSED] - Object: 'Object Repository/Edit Offer/Page_Offers/button_Yes Edit' is clicked on&#xD;
&#xD;
2019-10-11 11:57:16 - [TEST_STEP][PASSED] - click(findTestObject("Object Repository/Edit Offer/Page_Offers/input_Aquisition_marketingCategory")): Object: 'Object Repository/Edit Offer/Page_Offers/input_Aquisition_marketingCategory' is clicked on&#xD;
&#xD;
2019-10-11 11:57:23 - [MESSAGE][PASSED] - Object: 'Object Repository/Edit Offer/Page_Offers/input_Aquisition_marketingCategory' is clicked on&#xD;
&#xD;
2019-10-11 11:57:23 - [TEST_STEP][PASSED] - click(findTestObject("Object Repository/Edit Offer/Page_Offers/button_Next")): Object: 'Object Repository/Edit Offer/Page_Offers/button_Next' is clicked on&#xD;
&#xD;
2019-10-11 11:57:27 - [MESSAGE][PASSED] - Object: 'Object Repository/Edit Offer/Page_Offers/button_Next' is clicked on&#xD;
&#xD;
2019-10-11 11:57:27 - [TEST_STEP][PASSED] - click(findTestObject("Object Repository/Edit Offer/Page_Offers/button_Make Active")): Object: 'Object Repository/Edit Offer/Page_Offers/button_Make Active' is clicked on&#xD;
&#xD;
2019-10-11 11:57:34 - [MESSAGE][PASSED] - Object: 'Object Repository/Edit Offer/Page_Offers/button_Make Active' is clicked on&#xD;
&#xD;
2019-10-11 11:57:34 - [TEST_STEP][PASSED] - click(findTestObject("Object Repository/Edit Offer/Page_Offers/button_Yes Make Active")): Object: 'Object Repository/Edit Offer/Page_Offers/button_Yes Make Active' is clicked on&#xD;
&#xD;
2019-10-11 11:57:38 - [MESSAGE][PASSED] - Object: 'Object Repository/Edit Offer/Page_Offers/button_Yes Make Active' is clicked on</system-out>
            <system-err></system-err>
        </testcase>
        <testcase name="Test Cases/Test Scenarios/Regression/Offers/Delete Offer" classname="Test Cases/Test Scenarios/Regression/Offers/Delete Offer" status="PASSED">
            <system-out>2019-10-11 11:57:38 - [TEST_CASE][PASSED] - Test Cases/Test Scenarios/Regression/Offers/Delete Offer: Test Cases/Test Scenarios/Regression/Offers/Delete Offer&#xD;
&#xD;
2019-10-11 11:57:38 - [TEST_STEP][PASSED] - delay(5): Delayed 5 second(s)&#xD;
&#xD;
2019-10-11 11:57:43 - [MESSAGE][PASSED] - Delayed 5 second(s)&#xD;
&#xD;
2019-10-11 11:57:43 - [TEST_STEP][PASSED] - click(findTestObject("Delete Offer/Page_Offers/div_Most Recent Uploads_library-table-checkbox no-label checkbox")): Object: 'Object Repository/Delete Offer/Page_Offers/div_Most Recent Uploads_library-table-checkbox no-label checkbox' is clicked on&#xD;
&#xD;
2019-10-11 11:57:49 - [MESSAGE][PASSED] - Object: 'Object Repository/Delete Offer/Page_Offers/div_Most Recent Uploads_library-table-checkbox no-label checkbox' is clicked on&#xD;
&#xD;
2019-10-11 11:57:49 - [TEST_STEP][PASSED] - click(findTestObject("Object Repository/Delete Offer/Page_Offers/span_Delete")): Object: 'Object Repository/Delete Offer/Page_Offers/span_Delete' is clicked on&#xD;
&#xD;
2019-10-11 11:57:54 - [MESSAGE][PASSED] - Object: 'Object Repository/Delete Offer/Page_Offers/span_Delete' is clicked on&#xD;
&#xD;
2019-10-11 11:57:54 - [TEST_STEP][PASSED] - click(findTestObject("Object Repository/Delete Offer/Page_Offers/button_Yes")): Object: 'Object Repository/Delete Offer/Page_Offers/button_Yes' is clicked on&#xD;
&#xD;
2019-10-11 11:57:59 - [MESSAGE][PASSED] - Object: 'Object Repository/Delete Offer/Page_Offers/button_Yes' is clicked on</system-out>
            <system-err></system-err>
        </testcase>
        <testcase name="Test Cases/Test Scenarios/Regression/Logout/GSM Logout" classname="Test Cases/Test Scenarios/Regression/Logout/GSM Logout" status="PASSED">
            <system-out>2019-10-11 11:57:59 - [TEST_CASE][PASSED] - Test Cases/Test Scenarios/Regression/Logout/GSM Logout: Test Cases/Test Scenarios/Regression/Logout/GSM Logout&#xD;
&#xD;
2019-10-11 11:57:59 - [TEST_STEP][PASSED] - click(findTestObject("GSM Logout/Page_Templates/a_Help_user-panel-dropdown-4")): Object: 'Object Repository/GSM Logout/Page_Templates/a_Help_user-panel-dropdown-4' is clicked on&#xD;
&#xD;
2019-10-11 11:58:03 - [MESSAGE][PASSED] - Object: 'Object Repository/GSM Logout/Page_Templates/a_Help_user-panel-dropdown-4' is clicked on&#xD;
&#xD;
2019-10-11 11:58:03 - [TEST_STEP][PASSED] - click(findTestObject("GSM Logout/Page_Templates/a_Log Out")): Object: 'Object Repository/GSM Logout/Page_Templates/a_Log Out' is clicked on&#xD;
&#xD;
2019-10-11 11:58:08 - [MESSAGE][PASSED] - Object: 'Object Repository/GSM Logout/Page_Templates/a_Log Out' is clicked on</system-out>
            <system-err></system-err>
        </testcase>
        <system-out>2019-10-11 11:53:31 - [TEST_SUITE][INCOMPLETE] - Offers Regression: null</system-out>
        <system-err>2019-10-11 11:53:31 - [TEST_SUITE][INCOMPLETE] - Offers Regression: null</system-err>
    </testsuite>
</testsuites>
