<?xml version="1.0" encoding="UTF-8" standalone="yes"?>
<testsuites name="Offers Regression" time="234" tests="5" failures="0" errors="0">
    <testsuite name="Offers Regression" tests="5" failures="0" errors="0" time="234" timestamp="2019-10-14 11:53:16" hostname="Dell - DESKTOP-A4R0EHC" id="Test Suites/Offers Regression">
        <properties>
            <property name="deviceName" value=""/>
            <property name="devicePlatform" value=""/>
            <property name="logFolder" value="C:\\Users\\Dell\\Katalon Studio\\1\\Reports\\20191014_115139\\Offers Regression\\20191014_115139"/>
            <property name="logFiles" value="C:\\Users\\Dell\\Katalon Studio\\1\\Reports\\20191014_115139\\Offers Regression\\20191014_115139\\execution0.log"/>
            <property name="attachments" value=""/>
            <property name="hostName" value="Dell - DESKTOP-A4R0EHC"/>
            <property name="os" value="Windows 10 64bit"/>
            <property name="katalonVersion" value="6.3.3.11"/>
            <property name="browser" value="Chrome 77.0.3865.90"/>
            <property name="hostAddress" value="192.168.0.110"/>
            <property name="sessionId" value="1c1f35cf02e9037dcacf42cfdbba3fb3"/>
            <property name="seleniumVersion" value="3.141.59"/>
            <property name="proxyInformation" value="ProxyInformation{proxyOption=NO_PROXY, proxyServerType=HTTP, password=, proxyServerAddress=, proxyServerPort=0}"/>
            <property name="platform" value="Windows 10"/>
        </properties>
        <testcase name="Test Cases/Test Scenarios/Modules/Login/GSM Login" classname="Test Cases/Test Scenarios/Modules/Login/GSM Login" status="PASSED">
            <system-out>2019-10-14 11:53:17 - [TEST_CASE][PASSED] - Test Cases/Test Scenarios/Modules/Login/GSM Login: Test Cases/Test Scenarios/Modules/Login/GSM Login&#xD;
&#xD;
2019-10-14 11:53:17 - [TEST_STEP][PASSED] - openBrowser(""): Browser is opened with url: ''&#xD;
&#xD;
2019-10-14 11:53:18 - [MESSAGE][INFO] - Starting 'Chrome' driver&#xD;
&#xD;
2019-10-14 11:53:18 - [MESSAGE][INFO] - Action delay is set to 2 seconds&#xD;
&#xD;
2019-10-14 11:53:29 - [MESSAGE][PASSED] - Browser is opened with url: ''&#xD;
&#xD;
2019-10-14 11:53:29 - [TEST_STEP][PASSED] - navigateToUrl(url): Navigate to 'https://sandbox.gsm.auto/logout' successfully&#xD;
&#xD;
2019-10-14 11:53:36 - [MESSAGE][PASSED] - Navigate to 'https://sandbox.gsm.auto/logout' successfully&#xD;
&#xD;
2019-10-14 11:53:36 - [TEST_STEP][PASSED] - maximizeWindow(): Current window maximized&#xD;
&#xD;
2019-10-14 11:53:42 - [MESSAGE][PASSED] - Current window maximized&#xD;
&#xD;
2019-10-14 11:53:42 - [TEST_STEP][PASSED] - click(findTestObject("Object Repository/GSM Login/Page_GSM Portal/button_Log in")): Object: 'Object Repository/GSM Login/Page_GSM Portal/button_Log in' is clicked on&#xD;
&#xD;
2019-10-14 11:53:50 - [MESSAGE][PASSED] - Object: 'Object Repository/GSM Login/Page_GSM Portal/button_Log in' is clicked on&#xD;
&#xD;
2019-10-14 11:53:50 - [TEST_STEP][PASSED] - delay(3): Delayed 3 second(s)&#xD;
&#xD;
2019-10-14 11:53:53 - [MESSAGE][PASSED] - Delayed 3 second(s)&#xD;
&#xD;
2019-10-14 11:53:53 - [TEST_STEP][PASSED] - setText(findTestObject("Object Repository/GSM Login/Page_GSM Login/input_Email Address_email"), username): Text 'sankaran@totient.co.in' is set on object 'Object Repository/GSM Login/Page_GSM Login/input_Email Address_email'&#xD;
&#xD;
2019-10-14 11:53:59 - [MESSAGE][PASSED] - Text 'sankaran@totient.co.in' is set on object 'Object Repository/GSM Login/Page_GSM Login/input_Email Address_email'&#xD;
&#xD;
2019-10-14 11:53:59 - [TEST_STEP][PASSED] - delay(2): Delayed 2 second(s)&#xD;
&#xD;
2019-10-14 11:54:01 - [MESSAGE][PASSED] - Delayed 2 second(s)&#xD;
&#xD;
2019-10-14 11:54:01 - [TEST_STEP][PASSED] - setText(findTestObject("Object Repository/GSM Login/Page_GSM Login/input_Password_password"), password): Text 'sandbox85!' is set on object 'Object Repository/GSM Login/Page_GSM Login/input_Password_password'&#xD;
&#xD;
2019-10-14 11:54:08 - [MESSAGE][PASSED] - Text 'sandbox85!' is set on object 'Object Repository/GSM Login/Page_GSM Login/input_Password_password'&#xD;
&#xD;
2019-10-14 11:54:08 - [TEST_STEP][PASSED] - click(findTestObject("Object Repository/GSM Login/Page_GSM Login/button_Log In")): Object: 'Object Repository/GSM Login/Page_GSM Login/button_Log In' is clicked on&#xD;
&#xD;
2019-10-14 11:54:12 - [MESSAGE][PASSED] - Object: 'Object Repository/GSM Login/Page_GSM Login/button_Log In' is clicked on&#xD;
&#xD;
2019-10-14 11:54:12 - [TEST_STEP][PASSED] - delay(5): Delayed 5 second(s)&#xD;
&#xD;
2019-10-14 11:54:17 - [MESSAGE][PASSED] - Delayed 5 second(s)&#xD;
&#xD;
2019-10-14 11:54:17 - [TEST_STEP][PASSED] - verifyElementText(findTestObject("GSM Login/div_Welcome Sankaran"), "Welcome, Sankaran"): Actual text and expected text of test object 'Object Repository/GSM Login/div_Welcome Sankaran' are matched.&#xD;
&#xD;
2019-10-14 11:54:21 - [MESSAGE][PASSED] - Actual text and expected text of test object 'Object Repository/GSM Login/div_Welcome Sankaran' are matched.</system-out>
            <system-err></system-err>
        </testcase>
        <testcase name="Test Cases/Test Scenarios/Modules/Content Management/OFFERS/Create Offer" classname="Test Cases/Test Scenarios/Modules/Content Management/OFFERS/Create Offer" status="PASSED">
            <system-out>2019-10-14 11:54:21 - [TEST_CASE][PASSED] - Test Cases/Test Scenarios/Modules/Content Management/OFFERS/Create Offer: Test Cases/Test Scenarios/Modules/Content Management/OFFERS/Create Offer&#xD;
&#xD;
2019-10-14 11:54:22 - [TEST_STEP][PASSED] - click(findTestObject("Object Repository/Create Offer/Page_Dashboard/div_Content")): Object: 'Object Repository/Create Offer/Page_Dashboard/div_Content' is clicked on&#xD;
&#xD;
2019-10-14 11:54:26 - [MESSAGE][PASSED] - Object: 'Object Repository/Create Offer/Page_Dashboard/div_Content' is clicked on&#xD;
&#xD;
2019-10-14 11:54:26 - [TEST_STEP][PASSED] - click(findTestObject("Object Repository/Create Offer/Page_Templates/a_Offers")): Object: 'Object Repository/Create Offer/Page_Templates/a_Offers' is clicked on&#xD;
&#xD;
2019-10-14 11:54:30 - [MESSAGE][PASSED] - Object: 'Object Repository/Create Offer/Page_Templates/a_Offers' is clicked on&#xD;
&#xD;
2019-10-14 11:54:30 - [TEST_STEP][PASSED] - click(findTestObject("Object Repository/Create Offer/Page_Offers/a_New Offer")): Object: 'Object Repository/Create Offer/Page_Offers/a_New Offer' is clicked on&#xD;
&#xD;
2019-10-14 11:54:34 - [MESSAGE][PASSED] - Object: 'Object Repository/Create Offer/Page_Offers/a_New Offer' is clicked on&#xD;
&#xD;
2019-10-14 11:54:34 - [TEST_STEP][PASSED] - setText(findTestObject("Object Repository/Create Offer/Page_Offers/input_Offer Name_name"), "abc"): Text 'abc' is set on object 'Object Repository/Create Offer/Page_Offers/input_Offer Name_name'&#xD;
&#xD;
2019-10-14 11:54:41 - [MESSAGE][PASSED] - Text 'abc' is set on object 'Object Repository/Create Offer/Page_Offers/input_Offer Name_name'&#xD;
&#xD;
2019-10-14 11:54:41 - [TEST_STEP][PASSED] - click(findTestObject("Object Repository/Create Offer/Page_Offers/input_Marketing Category_marketingCategory")): Object: 'Object Repository/Create Offer/Page_Offers/input_Marketing Category_marketingCategory' is clicked on&#xD;
&#xD;
2019-10-14 11:54:45 - [MESSAGE][PASSED] - Object: 'Object Repository/Create Offer/Page_Offers/input_Marketing Category_marketingCategory' is clicked on&#xD;
&#xD;
2019-10-14 11:54:45 - [TEST_STEP][PASSED] - setText(findTestObject("Object Repository/Create Offer/Page_Offers/textarea_Offer Description_description"), "abc"): Text 'abc' is set on object 'Object Repository/Create Offer/Page_Offers/textarea_Offer Description_description'&#xD;
&#xD;
2019-10-14 11:54:51 - [MESSAGE][PASSED] - Text 'abc' is set on object 'Object Repository/Create Offer/Page_Offers/textarea_Offer Description_description'&#xD;
&#xD;
2019-10-14 11:54:51 - [TEST_STEP][PASSED] - setText(findTestObject("Object Repository/Create Offer/Page_Offers/input_Objects set to expire will be automatically archived_expiration"), "10/15/2019"): Text '10/15/2019' is set on object 'Object Repository/Create Offer/Page_Offers/input_Objects set to expire will be automatically archived_expiration'&#xD;
&#xD;
2019-10-14 11:54:58 - [MESSAGE][PASSED] - Text '10/15/2019' is set on object 'Object Repository/Create Offer/Page_Offers/input_Objects set to expire will be automatically archived_expiration'&#xD;
&#xD;
2019-10-14 11:54:58 - [TEST_STEP][PASSED] - click(findTestObject("Object Repository/Create Offer/Page_Offers/button_Select")): Object: 'Object Repository/Create Offer/Page_Offers/button_Select' is clicked on&#xD;
&#xD;
2019-10-14 11:55:02 - [MESSAGE][PASSED] - Object: 'Object Repository/Create Offer/Page_Offers/button_Select' is clicked on&#xD;
&#xD;
2019-10-14 11:55:02 - [TEST_STEP][PASSED] - click(findTestObject("Object Repository/Create Offer/Page_Offers/a_English (US)")): Object: 'Object Repository/Create Offer/Page_Offers/a_English (US)' is clicked on&#xD;
&#xD;
2019-10-14 11:55:06 - [MESSAGE][PASSED] - Object: 'Object Repository/Create Offer/Page_Offers/a_English (US)' is clicked on&#xD;
&#xD;
2019-10-14 11:55:06 - [TEST_STEP][PASSED] - click(findTestObject("Object Repository/Create Offer/Page_Offers/button_Next")): Object: 'Object Repository/Create Offer/Page_Offers/button_Next' is clicked on&#xD;
&#xD;
2019-10-14 11:55:11 - [MESSAGE][PASSED] - Object: 'Object Repository/Create Offer/Page_Offers/button_Next' is clicked on&#xD;
&#xD;
2019-10-14 11:55:11 - [TEST_STEP][PASSED] - setText(findTestObject("Object Repository/Create Offer/Page_Offers/textarea_Title_title"), "abc"): Text 'abc' is set on object 'Object Repository/Create Offer/Page_Offers/textarea_Title_title'&#xD;
&#xD;
2019-10-14 11:55:21 - [MESSAGE][PASSED] - Text 'abc' is set on object 'Object Repository/Create Offer/Page_Offers/textarea_Title_title'&#xD;
&#xD;
2019-10-14 11:55:21 - [TEST_STEP][PASSED] - setText(findTestObject("Object Repository/Create Offer/Page_Offers/textarea_Subtitle_subtitle"), "abc"): Text 'abc' is set on object 'Object Repository/Create Offer/Page_Offers/textarea_Subtitle_subtitle'&#xD;
&#xD;
2019-10-14 11:55:27 - [MESSAGE][PASSED] - Text 'abc' is set on object 'Object Repository/Create Offer/Page_Offers/textarea_Subtitle_subtitle'&#xD;
&#xD;
2019-10-14 11:55:27 - [TEST_STEP][PASSED] - setText(findTestObject("Object Repository/Create Offer/Page_Offers/textarea_Body_body"), "abc"): Text 'abc' is set on object 'Object Repository/Create Offer/Page_Offers/textarea_Body_body'&#xD;
&#xD;
2019-10-14 11:55:34 - [MESSAGE][PASSED] - Text 'abc' is set on object 'Object Repository/Create Offer/Page_Offers/textarea_Body_body'&#xD;
&#xD;
2019-10-14 11:55:34 - [TEST_STEP][PASSED] - setText(findTestObject("Object Repository/Create Offer/Page_Offers/input_Offer_offer"), "123"): Text '123' is set on object 'Object Repository/Create Offer/Page_Offers/input_Offer_offer'&#xD;
&#xD;
2019-10-14 11:55:40 - [MESSAGE][PASSED] - Text '123' is set on object 'Object Repository/Create Offer/Page_Offers/input_Offer_offer'&#xD;
&#xD;
2019-10-14 11:55:40 - [TEST_STEP][PASSED] - click(findTestObject("Object Repository/Create Offer/Page_Offers/button_Select_1")): Object: 'Object Repository/Create Offer/Page_Offers/button_Select_1' is clicked on&#xD;
&#xD;
2019-10-14 11:55:44 - [MESSAGE][PASSED] - Object: 'Object Repository/Create Offer/Page_Offers/button_Select_1' is clicked on&#xD;
&#xD;
2019-10-14 11:55:44 - [TEST_STEP][PASSED] - click(findTestObject("Object Repository/Create Offer/Page_Offers/a_No Expiration Date")): Object: 'Object Repository/Create Offer/Page_Offers/a_No Expiration Date' is clicked on&#xD;
&#xD;
2019-10-14 11:55:49 - [MESSAGE][PASSED] - Object: 'Object Repository/Create Offer/Page_Offers/a_No Expiration Date' is clicked on&#xD;
&#xD;
2019-10-14 11:55:49 - [TEST_STEP][PASSED] - setText(findTestObject("Object Repository/Create Offer/Page_Offers/textarea_Terms  Conditions_termsAndConditions"), "abc"): Text 'abc' is set on object 'Object Repository/Create Offer/Page_Offers/textarea_Terms  Conditions_termsAndConditions'&#xD;
&#xD;
2019-10-14 11:55:55 - [MESSAGE][PASSED] - Text 'abc' is set on object 'Object Repository/Create Offer/Page_Offers/textarea_Terms  Conditions_termsAndConditions'&#xD;
&#xD;
2019-10-14 11:55:55 - [TEST_STEP][PASSED] - click(findTestObject("Object Repository/Create Offer/Page_Offers/button_Create")): Object: 'Object Repository/Create Offer/Page_Offers/button_Create' is clicked on&#xD;
&#xD;
2019-10-14 11:55:59 - [MESSAGE][PASSED] - Object: 'Object Repository/Create Offer/Page_Offers/button_Create' is clicked on</system-out>
            <system-err></system-err>
        </testcase>
        <testcase name="Test Cases/Test Scenarios/Modules/Content Management/OFFERS/Edit Offer" classname="Test Cases/Test Scenarios/Modules/Content Management/OFFERS/Edit Offer" status="PASSED">
            <system-out>2019-10-14 11:55:59 - [TEST_CASE][PASSED] - Test Cases/Test Scenarios/Modules/Content Management/OFFERS/Edit Offer: Test Cases/Test Scenarios/Modules/Content Management/OFFERS/Edit Offer&#xD;
&#xD;
2019-10-14 11:56:00 - [TEST_STEP][PASSED] - delay(5): Delayed 5 second(s)&#xD;
&#xD;
2019-10-14 11:56:05 - [MESSAGE][PASSED] - Delayed 5 second(s)&#xD;
&#xD;
2019-10-14 11:56:05 - [TEST_STEP][PASSED] - click(findTestObject("Object Repository/Edit Offer/Page_Templates/a_Offers")): Object: 'Object Repository/Edit Offer/Page_Templates/a_Offers' is clicked on&#xD;
&#xD;
2019-10-14 11:56:09 - [MESSAGE][PASSED] - Object: 'Object Repository/Edit Offer/Page_Templates/a_Offers' is clicked on&#xD;
&#xD;
2019-10-14 11:56:09 - [TEST_STEP][PASSED] - click(findTestObject("Object Repository/Edit Offer/Page_Offers/a_abc")): Object: 'Object Repository/Edit Offer/Page_Offers/a_abc' is clicked on&#xD;
&#xD;
2019-10-14 11:56:13 - [MESSAGE][PASSED] - Object: 'Object Repository/Edit Offer/Page_Offers/a_abc' is clicked on&#xD;
&#xD;
2019-10-14 11:56:13 - [TEST_STEP][PASSED] - click(findTestObject("Object Repository/Edit Offer/Page_Offers/button_Yes Edit")): Object: 'Object Repository/Edit Offer/Page_Offers/button_Yes Edit' is clicked on&#xD;
&#xD;
2019-10-14 11:56:18 - [MESSAGE][PASSED] - Object: 'Object Repository/Edit Offer/Page_Offers/button_Yes Edit' is clicked on&#xD;
&#xD;
2019-10-14 11:56:18 - [TEST_STEP][PASSED] - click(findTestObject("Object Repository/Edit Offer/Page_Offers/input_Aquisition_marketingCategory")): Object: 'Object Repository/Edit Offer/Page_Offers/input_Aquisition_marketingCategory' is clicked on&#xD;
&#xD;
2019-10-14 11:56:24 - [MESSAGE][PASSED] - Object: 'Object Repository/Edit Offer/Page_Offers/input_Aquisition_marketingCategory' is clicked on&#xD;
&#xD;
2019-10-14 11:56:24 - [TEST_STEP][PASSED] - click(findTestObject("Object Repository/Edit Offer/Page_Offers/button_Next")): Object: 'Object Repository/Edit Offer/Page_Offers/button_Next' is clicked on&#xD;
&#xD;
2019-10-14 11:56:28 - [MESSAGE][PASSED] - Object: 'Object Repository/Edit Offer/Page_Offers/button_Next' is clicked on&#xD;
&#xD;
2019-10-14 11:56:28 - [TEST_STEP][PASSED] - delay(2): Delayed 2 second(s)&#xD;
&#xD;
2019-10-14 11:56:30 - [MESSAGE][PASSED] - Delayed 2 second(s)&#xD;
&#xD;
2019-10-14 11:56:30 - [TEST_STEP][PASSED] - click(findTestObject("Object Repository/Edit Offer/Page_Offers/button_Make Active")): Object: 'Object Repository/Edit Offer/Page_Offers/button_Make Active' is clicked on&#xD;
&#xD;
2019-10-14 11:56:37 - [MESSAGE][PASSED] - Object: 'Object Repository/Edit Offer/Page_Offers/button_Make Active' is clicked on&#xD;
&#xD;
2019-10-14 11:56:37 - [TEST_STEP][PASSED] - click(findTestObject("Object Repository/Edit Offer/Page_Offers/button_Yes Make Active")): Object: 'Object Repository/Edit Offer/Page_Offers/button_Yes Make Active' is clicked on&#xD;
&#xD;
2019-10-14 11:56:41 - [MESSAGE][PASSED] - Object: 'Object Repository/Edit Offer/Page_Offers/button_Yes Make Active' is clicked on</system-out>
            <system-err></system-err>
        </testcase>
        <testcase name="Test Cases/Test Scenarios/Modules/Content Management/OFFERS/Delete Offer" classname="Test Cases/Test Scenarios/Modules/Content Management/OFFERS/Delete Offer" status="PASSED">
            <system-out>2019-10-14 11:56:41 - [TEST_CASE][PASSED] - Test Cases/Test Scenarios/Modules/Content Management/OFFERS/Delete Offer: Test Cases/Test Scenarios/Modules/Content Management/OFFERS/Delete Offer&#xD;
&#xD;
2019-10-14 11:56:41 - [TEST_STEP][PASSED] - delay(5): Delayed 5 second(s)&#xD;
&#xD;
2019-10-14 11:56:46 - [MESSAGE][PASSED] - Delayed 5 second(s)&#xD;
&#xD;
2019-10-14 11:56:46 - [TEST_STEP][PASSED] - delay(2): Delayed 2 second(s)&#xD;
&#xD;
2019-10-14 11:56:48 - [MESSAGE][PASSED] - Delayed 2 second(s)&#xD;
&#xD;
2019-10-14 11:56:48 - [TEST_STEP][PASSED] - click(findTestObject("Delete Offer/Page_Offers/div_Most Recent Uploads_library-table-checkbox no-label checkbox")): Object: 'Object Repository/Delete Offer/Page_Offers/div_Most Recent Uploads_library-table-checkbox no-label checkbox' is clicked on&#xD;
&#xD;
2019-10-14 11:56:53 - [MESSAGE][PASSED] - Object: 'Object Repository/Delete Offer/Page_Offers/div_Most Recent Uploads_library-table-checkbox no-label checkbox' is clicked on&#xD;
&#xD;
2019-10-14 11:56:53 - [TEST_STEP][PASSED] - click(findTestObject("Object Repository/Delete Offer/Page_Offers/span_Delete")): Object: 'Object Repository/Delete Offer/Page_Offers/span_Delete' is clicked on&#xD;
&#xD;
2019-10-14 11:56:57 - [MESSAGE][PASSED] - Object: 'Object Repository/Delete Offer/Page_Offers/span_Delete' is clicked on&#xD;
&#xD;
2019-10-14 11:56:57 - [TEST_STEP][PASSED] - click(findTestObject("Object Repository/Delete Offer/Page_Offers/button_Yes")): Object: 'Object Repository/Delete Offer/Page_Offers/button_Yes' is clicked on&#xD;
&#xD;
2019-10-14 11:57:01 - [MESSAGE][PASSED] - Object: 'Object Repository/Delete Offer/Page_Offers/button_Yes' is clicked on</system-out>
            <system-err></system-err>
        </testcase>
        <testcase name="Test Cases/Test Scenarios/Modules/Logout/GSM Logout" classname="Test Cases/Test Scenarios/Modules/Logout/GSM Logout" status="PASSED">
            <system-out>2019-10-14 11:57:01 - [TEST_CASE][PASSED] - Test Cases/Test Scenarios/Modules/Logout/GSM Logout: Test Cases/Test Scenarios/Modules/Logout/GSM Logout&#xD;
&#xD;
2019-10-14 11:57:01 - [TEST_STEP][PASSED] - click(findTestObject("GSM Logout/Page_Templates/a_Help_user-panel-dropdown-4")): Object: 'Object Repository/GSM Logout/Page_Templates/a_Help_user-panel-dropdown-4' is clicked on&#xD;
&#xD;
2019-10-14 11:57:06 - [MESSAGE][PASSED] - Object: 'Object Repository/GSM Logout/Page_Templates/a_Help_user-panel-dropdown-4' is clicked on&#xD;
&#xD;
2019-10-14 11:57:06 - [TEST_STEP][PASSED] - click(findTestObject("GSM Logout/Page_Templates/a_Log Out")): Object: 'Object Repository/GSM Logout/Page_Templates/a_Log Out' is clicked on&#xD;
&#xD;
2019-10-14 11:57:10 - [MESSAGE][PASSED] - Object: 'Object Repository/GSM Logout/Page_Templates/a_Log Out' is clicked on</system-out>
            <system-err></system-err>
        </testcase>
        <system-out>2019-10-14 11:53:16 - [TEST_SUITE][INCOMPLETE] - Offers Regression: null</system-out>
        <system-err>2019-10-14 11:53:16 - [TEST_SUITE][INCOMPLETE] - Offers Regression: null</system-err>
    </testsuite>
</testsuites>
