<?xml version="1.0" encoding="UTF-8" standalone="yes"?>
<testsuites name="testrail1" time="1" tests="1" failures="0" errors="0">
    <testsuite name="testrail1" tests="1" failures="0" errors="0" time="1" timestamp="2019-10-24 15:38:09" hostname="Dell - DESKTOP-A4R0EHC" id="Test Suites/testrail/testrail1">
        <properties>
            <property name="deviceName" value=""/>
            <property name="devicePlatform" value=""/>
            <property name="logFolder" value="C:\\Users\\Dell\\Katalon Studio\\GSM Demo\\Reports\\20191024_153759\\testrail\\testrail1\\20191024_153759"/>
            <property name="logFiles" value="C:\\Users\\Dell\\Katalon Studio\\GSM Demo\\Reports\\20191024_153759\\testrail\\testrail1\\20191024_153759\\execution0.log"/>
            <property name="attachments" value=""/>
            <property name="hostName" value="Dell - DESKTOP-A4R0EHC"/>
            <property name="hostAddress" value="192.168.0.110"/>
            <property name="os" value="Windows 10 64bit"/>
            <property name="katalonVersion" value="6.3.3.11"/>
        </properties>
        <testcase name="Test Cases/1" classname="Test Cases/1" status="PASSED">
            <system-out>2019-10-24 15:38:09 - [TEST_CASE][PASSED] - Test Cases/1: Test Cases/1&#xD;
&#xD;
2019-10-24 15:38:10 - [TEST_STEP][PASSED] - return null: null</system-out>
            <system-err></system-err>
        </testcase>
        <system-out>2019-10-24 15:38:09 - [TEST_SUITE][INCOMPLETE] - testrail1: null</system-out>
        <system-err>2019-10-24 15:38:09 - [TEST_SUITE][INCOMPLETE] - testrail1: null</system-err>
    </testsuite>
</testsuites>
