<?xml version="1.0" encoding="UTF-8"?>
<testsuites name="S1 Offer Management" time="250.476" tests="5" failures="0" errors="0">
   <testsuite name="S1 Offer Management" tests="5" failures="0" errors="0" time="250.476" timestamp="2019-10-31 11:55:14" hostname="Dell - DESKTOP-A4R0EHC" id="Test Suites/S1 Offer Management">
      <properties>
         <property name="deviceName" value=""/>
         <property name="devicePlatform" value=""/>
         <property name="logFolder" value="C:\\Users\\Dell\\Katalon Studio\\GSM Demo\\Reports\\20191031_115507\\S1 Offer Management\\20191031_115507"/>
         <property name="logFiles" value="C:\\Users\\Dell\\Katalon Studio\\GSM Demo\\Reports\\20191031_115507\\S1 Offer Management\\20191031_115507\\execution0.log"/>
         <property name="attachments" value=""/>
         <property name="hostName" value="Dell - DESKTOP-A4R0EHC"/>
         <property name="os" value="Windows 10 64bit"/>
         <property name="katalonVersion" value="7.0.4.1"/>
         <property name="browser" value="Chrome 77.0.3865.120"/>
         <property name="hostAddress" value="192.168.0.110"/>
         <property name="sessionId" value="5d1e62bc5d9f4eb428cc028ad75a60b3"/>
         <property name="seleniumVersion" value="3.141.59"/>
         <property name="proxyInformation" value="ProxyInformation{proxyOption=NO_PROXY, proxyServerType=HTTP, password=, proxyServerAddress=, proxyServerPort=0}"/>
         <property name="platform" value="Windows 10"/>
      </properties>
      <testcase name="Test Cases/Login and Logout/Valid Login" time="58.96" classname="Test Cases/Login and Logout/Valid Login" status="PASSED">
         <system-out><![CDATA[2019-10-31 11:55:14 - [TEST_CASE][PASSED] - Test Cases/Login and Logout/Valid Login: Test Cases/Login and Logout/Valid Login

2019-10-31 11:55:15 - [TEST_STEP][PASSED] - openBrowser(""): Browser is opened with url: ''

2019-10-31 11:55:15 - [MESSAGE][INFO] - Starting 'Chrome' driver

2019-10-31 11:55:15 - [MESSAGE][INFO] - Action delay is set to 2 seconds

2019-10-31 11:55:23 - [MESSAGE][PASSED] - Browser is opened with url: ''

2019-10-31 11:55:23 - [TEST_STEP][PASSED] - navigateToUrl(url): Navigate to 'https://sandbox.gsm.auto/logout' successfully

2019-10-31 11:55:35 - [MESSAGE][PASSED] - Navigate to 'https://sandbox.gsm.auto/logout' successfully

2019-10-31 11:55:35 - [TEST_STEP][PASSED] - maximizeWindow(): Current window maximized

2019-10-31 11:55:39 - [MESSAGE][PASSED] - Current window maximized

2019-10-31 11:55:39 - [TEST_STEP][PASSED] - click(findTestObject("Demo/UI Test Scenarios/Modules/GSM Login/Page_GSM Portal/button_Log in")): Object: 'Object Repository/Demo/UI Test Scenarios/Modules/GSM Login/Page_GSM Portal/button_Log in' is clicked on

2019-10-31 11:55:46 - [MESSAGE][PASSED] - Object: 'Object Repository/Demo/UI Test Scenarios/Modules/GSM Login/Page_GSM Portal/button_Log in' is clicked on

2019-10-31 11:55:46 - [TEST_STEP][PASSED] - delay(3): Delayed 3 second(s)

2019-10-31 11:55:49 - [MESSAGE][PASSED] - Delayed 3 second(s)

2019-10-31 11:55:49 - [TEST_STEP][PASSED] - setText(findTestObject("Demo/UI Test Scenarios/Modules/GSM Login/Page_GSM Login/input_Email Address_email"), username): Text 'sankaran@totient.co.in' is set on object 'Object Repository/Demo/UI Test Scenarios/Modules/GSM Login/Page_GSM Login/input_Email Address_email'

2019-10-31 11:55:54 - [MESSAGE][PASSED] - Text 'sankaran@totient.co.in' is set on object 'Object Repository/Demo/UI Test Scenarios/Modules/GSM Login/Page_GSM Login/input_Email Address_email'

2019-10-31 11:55:54 - [TEST_STEP][PASSED] - delay(2): Delayed 2 second(s)

2019-10-31 11:55:56 - [MESSAGE][PASSED] - Delayed 2 second(s)

2019-10-31 11:55:56 - [TEST_STEP][PASSED] - setText(findTestObject("Demo/UI Test Scenarios/Modules/GSM Login/Page_GSM Login/input_Password_password"), password): Text 'sandbox85!' is set on object 'Object Repository/Demo/UI Test Scenarios/Modules/GSM Login/Page_GSM Login/input_Password_password'

2019-10-31 11:56:01 - [MESSAGE][PASSED] - Text 'sandbox85!' is set on object 'Object Repository/Demo/UI Test Scenarios/Modules/GSM Login/Page_GSM Login/input_Password_password'

2019-10-31 11:56:01 - [TEST_STEP][PASSED] - click(findTestObject("Demo/UI Test Scenarios/Modules/GSM Login/Page_GSM Login/button_Log In")): Object: 'Object Repository/Demo/UI Test Scenarios/Modules/GSM Login/Page_GSM Login/button_Log In' is clicked on

2019-10-31 11:56:03 - [MESSAGE][PASSED] - Object: 'Object Repository/Demo/UI Test Scenarios/Modules/GSM Login/Page_GSM Login/button_Log In' is clicked on

2019-10-31 11:56:03 - [TEST_STEP][PASSED] - delay(5): Delayed 5 second(s)

2019-10-31 11:56:08 - [MESSAGE][PASSED] - Delayed 5 second(s)

2019-10-31 11:56:08 - [TEST_STEP][PASSED] - verifyElementText(findTestObject("Demo/UI Test Scenarios/Modules/GSM Login/div_Welcome Sankaran"), "Welcome, Sankaran"): Actual text and expected text of test object 'Object Repository/Demo/UI Test Scenarios/Modules/GSM Login/div_Welcome Sankaran' are matched.

2019-10-31 11:56:13 - [MESSAGE][PASSED] - Actual text and expected text of test object 'Object Repository/Demo/UI Test Scenarios/Modules/GSM Login/div_Welcome Sankaran' are matched.]]></system-out>
         <system-err><![CDATA[]]></system-err>
      </testcase>
      <testcase name="Test Cases/Content/Offers/UI/Create Offer" time="84.789" classname="Test Cases/Content/Offers/UI/Create Offer" status="PASSED">
         <system-out><![CDATA[2019-10-31 11:56:13 - [TEST_CASE][PASSED] - Test Cases/Content/Offers/UI/Create Offer: Test Cases/Content/Offers/UI/Create Offer

2019-10-31 11:56:14 - [TEST_STEP][PASSED] - click(findTestObject("Demo/UI Test Scenarios/Modules/Content Management/OFFERS/Create Offer/Page_Dashboard/div_Content")): Object: 'Object Repository/Demo/UI Test Scenarios/Modules/Content Management/OFFERS/Create Offer/Page_Dashboard/div_Content' is clicked on

2019-10-31 11:56:16 - [MESSAGE][PASSED] - Object: 'Object Repository/Demo/UI Test Scenarios/Modules/Content Management/OFFERS/Create Offer/Page_Dashboard/div_Content' is clicked on

2019-10-31 11:56:16 - [TEST_STEP][PASSED] - click(findTestObject("Demo/UI Test Scenarios/Modules/Content Management/OFFERS/Create Offer/Page_Templates/a_Offers")): Object: 'Object Repository/Demo/UI Test Scenarios/Modules/Content Management/OFFERS/Create Offer/Page_Templates/a_Offers' is clicked on

2019-10-31 11:56:24 - [MESSAGE][PASSED] - Object: 'Object Repository/Demo/UI Test Scenarios/Modules/Content Management/OFFERS/Create Offer/Page_Templates/a_Offers' is clicked on

2019-10-31 11:56:24 - [TEST_STEP][PASSED] - click(findTestObject("Demo/UI Test Scenarios/Modules/Content Management/OFFERS/Create Offer/Page_Offers/a_New Offer")): Object: 'Object Repository/Demo/UI Test Scenarios/Modules/Content Management/OFFERS/Create Offer/Page_Offers/a_New Offer' is clicked on

2019-10-31 11:56:32 - [MESSAGE][PASSED] - Object: 'Object Repository/Demo/UI Test Scenarios/Modules/Content Management/OFFERS/Create Offer/Page_Offers/a_New Offer' is clicked on

2019-10-31 11:56:32 - [TEST_STEP][PASSED] - setText(findTestObject("Demo/UI Test Scenarios/Modules/Content Management/OFFERS/Create Offer/Page_Offers/input_Offer Name_name"), "abc"): Text 'abc' is set on object 'Object Repository/Demo/UI Test Scenarios/Modules/Content Management/OFFERS/Create Offer/Page_Offers/input_Offer Name_name'

2019-10-31 11:56:40 - [MESSAGE][PASSED] - Text 'abc' is set on object 'Object Repository/Demo/UI Test Scenarios/Modules/Content Management/OFFERS/Create Offer/Page_Offers/input_Offer Name_name'

2019-10-31 11:56:40 - [TEST_STEP][PASSED] - click(findTestObject("Demo/UI Test Scenarios/Modules/Content Management/OFFERS/Create Offer/Page_Offers/Page_Offers/label_Aquisition")): Object: 'Object Repository/Demo/UI Test Scenarios/Modules/Content Management/OFFERS/Create Offer/Page_Offers/Page_Offers/label_Aquisition' is clicked on

2019-10-31 11:56:43 - [MESSAGE][PASSED] - Object: 'Object Repository/Demo/UI Test Scenarios/Modules/Content Management/OFFERS/Create Offer/Page_Offers/Page_Offers/label_Aquisition' is clicked on

2019-10-31 11:56:43 - [TEST_STEP][PASSED] - setText(findTestObject("Demo/UI Test Scenarios/Modules/Content Management/OFFERS/Create Offer/Page_Offers/textarea_Offer Description_description"), "abc"): Text 'abc' is set on object 'Object Repository/Demo/UI Test Scenarios/Modules/Content Management/OFFERS/Create Offer/Page_Offers/textarea_Offer Description_description'

2019-10-31 11:56:49 - [MESSAGE][PASSED] - Text 'abc' is set on object 'Object Repository/Demo/UI Test Scenarios/Modules/Content Management/OFFERS/Create Offer/Page_Offers/textarea_Offer Description_description'

2019-10-31 11:56:49 - [TEST_STEP][PASSED] - setText(findTestObject("Demo/UI Test Scenarios/Modules/Content Management/OFFERS/Create Offer/Page_Offers/input_Objects set to expire will be automatically archived_expiration"), "11/10/2019"): Text '11/10/2019' is set on object 'Object Repository/Demo/UI Test Scenarios/Modules/Content Management/OFFERS/Create Offer/Page_Offers/input_Objects set to expire will be automatically archived_expiration'

2019-10-31 11:56:54 - [MESSAGE][PASSED] - Text '11/10/2019' is set on object 'Object Repository/Demo/UI Test Scenarios/Modules/Content Management/OFFERS/Create Offer/Page_Offers/input_Objects set to expire will be automatically archived_expiration'

2019-10-31 11:56:54 - [TEST_STEP][PASSED] - click(findTestObject("Demo/UI Test Scenarios/Modules/Content Management/OFFERS/Create Offer/Page_Offers/button_Select")): Object: 'Object Repository/Demo/UI Test Scenarios/Modules/Content Management/OFFERS/Create Offer/Page_Offers/button_Select' is clicked on

2019-10-31 11:56:57 - [MESSAGE][PASSED] - Object: 'Object Repository/Demo/UI Test Scenarios/Modules/Content Management/OFFERS/Create Offer/Page_Offers/button_Select' is clicked on

2019-10-31 11:56:57 - [TEST_STEP][PASSED] - click(findTestObject("Demo/UI Test Scenarios/Modules/Content Management/OFFERS/Create Offer/Page_Offers/a_English (US)")): Object: 'Object Repository/Demo/UI Test Scenarios/Modules/Content Management/OFFERS/Create Offer/Page_Offers/a_English (US)' is clicked on

2019-10-31 11:56:59 - [MESSAGE][PASSED] - Object: 'Object Repository/Demo/UI Test Scenarios/Modules/Content Management/OFFERS/Create Offer/Page_Offers/a_English (US)' is clicked on

2019-10-31 11:56:59 - [TEST_STEP][PASSED] - click(findTestObject("Demo/UI Test Scenarios/Modules/Content Management/OFFERS/Create Offer/Page_Offers/button_Next")): Object: 'Object Repository/Demo/UI Test Scenarios/Modules/Content Management/OFFERS/Create Offer/Page_Offers/button_Next' is clicked on

2019-10-31 11:57:02 - [MESSAGE][PASSED] - Object: 'Object Repository/Demo/UI Test Scenarios/Modules/Content Management/OFFERS/Create Offer/Page_Offers/button_Next' is clicked on

2019-10-31 11:57:02 - [TEST_STEP][PASSED] - setText(findTestObject("Demo/UI Test Scenarios/Modules/Content Management/OFFERS/Create Offer/Page_Offers/textarea_Title_title"), "abc"): Text 'abc' is set on object 'Object Repository/Demo/UI Test Scenarios/Modules/Content Management/OFFERS/Create Offer/Page_Offers/textarea_Title_title'

2019-10-31 11:57:10 - [MESSAGE][PASSED] - Text 'abc' is set on object 'Object Repository/Demo/UI Test Scenarios/Modules/Content Management/OFFERS/Create Offer/Page_Offers/textarea_Title_title'

2019-10-31 11:57:10 - [TEST_STEP][PASSED] - setText(findTestObject("Demo/UI Test Scenarios/Modules/Content Management/OFFERS/Create Offer/Page_Offers/textarea_Subtitle_subtitle"), "abc"): Text 'abc' is set on object 'Object Repository/Demo/UI Test Scenarios/Modules/Content Management/OFFERS/Create Offer/Page_Offers/textarea_Subtitle_subtitle'

2019-10-31 11:57:15 - [MESSAGE][PASSED] - Text 'abc' is set on object 'Object Repository/Demo/UI Test Scenarios/Modules/Content Management/OFFERS/Create Offer/Page_Offers/textarea_Subtitle_subtitle'

2019-10-31 11:57:15 - [TEST_STEP][PASSED] - setText(findTestObject("Demo/UI Test Scenarios/Modules/Content Management/OFFERS/Create Offer/Page_Offers/textarea_Body_body"), "abc"): Text 'abc' is set on object 'Object Repository/Demo/UI Test Scenarios/Modules/Content Management/OFFERS/Create Offer/Page_Offers/textarea_Body_body'

2019-10-31 11:57:20 - [MESSAGE][PASSED] - Text 'abc' is set on object 'Object Repository/Demo/UI Test Scenarios/Modules/Content Management/OFFERS/Create Offer/Page_Offers/textarea_Body_body'

2019-10-31 11:57:20 - [TEST_STEP][PASSED] - setText(findTestObject("Demo/UI Test Scenarios/Modules/Content Management/OFFERS/Create Offer/Page_Offers/input_Offer_offer"), "123"): Text '123' is set on object 'Object Repository/Demo/UI Test Scenarios/Modules/Content Management/OFFERS/Create Offer/Page_Offers/input_Offer_offer'

2019-10-31 11:57:25 - [MESSAGE][PASSED] - Text '123' is set on object 'Object Repository/Demo/UI Test Scenarios/Modules/Content Management/OFFERS/Create Offer/Page_Offers/input_Offer_offer'

2019-10-31 11:57:25 - [TEST_STEP][PASSED] - click(findTestObject("Demo/UI Test Scenarios/Modules/Content Management/OFFERS/Create Offer/Page_Offers/button_Select_1")): Object: 'Object Repository/Demo/UI Test Scenarios/Modules/Content Management/OFFERS/Create Offer/Page_Offers/button_Select_1' is clicked on

2019-10-31 11:57:28 - [MESSAGE][PASSED] - Object: 'Object Repository/Demo/UI Test Scenarios/Modules/Content Management/OFFERS/Create Offer/Page_Offers/button_Select_1' is clicked on

2019-10-31 11:57:28 - [TEST_STEP][PASSED] - click(findTestObject("Demo/UI Test Scenarios/Modules/Content Management/OFFERS/Create Offer/Page_Offers/a_No Expiration Date")): Object: 'Object Repository/Demo/UI Test Scenarios/Modules/Content Management/OFFERS/Create Offer/Page_Offers/a_No Expiration Date' is clicked on

2019-10-31 11:57:30 - [MESSAGE][PASSED] - Object: 'Object Repository/Demo/UI Test Scenarios/Modules/Content Management/OFFERS/Create Offer/Page_Offers/a_No Expiration Date' is clicked on

2019-10-31 11:57:30 - [TEST_STEP][PASSED] - setText(findTestObject("Demo/UI Test Scenarios/Modules/Content Management/OFFERS/Create Offer/Page_Offers/textarea_Terms  Conditions_termsAndConditions"), "abc"): Text 'abc' is set on object 'Object Repository/Demo/UI Test Scenarios/Modules/Content Management/OFFERS/Create Offer/Page_Offers/textarea_Terms  Conditions_termsAndConditions'

2019-10-31 11:57:35 - [MESSAGE][PASSED] - Text 'abc' is set on object 'Object Repository/Demo/UI Test Scenarios/Modules/Content Management/OFFERS/Create Offer/Page_Offers/textarea_Terms  Conditions_termsAndConditions'

2019-10-31 11:57:35 - [TEST_STEP][PASSED] - click(findTestObject("Demo/UI Test Scenarios/Modules/Content Management/OFFERS/Create Offer/Page_Offers/button_Create")): Object: 'Object Repository/Demo/UI Test Scenarios/Modules/Content Management/OFFERS/Create Offer/Page_Offers/button_Create' is clicked on

2019-10-31 11:57:38 - [MESSAGE][PASSED] - Object: 'Object Repository/Demo/UI Test Scenarios/Modules/Content Management/OFFERS/Create Offer/Page_Offers/button_Create' is clicked on]]></system-out>
         <system-err><![CDATA[]]></system-err>
      </testcase>
      <testcase name="Test Cases/Content/Offers/UI/Edit Offer" time="74.789" classname="Test Cases/Content/Offers/UI/Edit Offer" status="PASSED">
         <system-out><![CDATA[2019-10-31 11:57:38 - [TEST_CASE][PASSED] - Test Cases/Content/Offers/UI/Edit Offer: Test Cases/Content/Offers/UI/Edit Offer

2019-10-31 11:57:38 - [TEST_STEP][PASSED] - delay(5): Delayed 5 second(s)

2019-10-31 11:57:43 - [MESSAGE][PASSED] - Delayed 5 second(s)

2019-10-31 11:57:43 - [TEST_STEP][PASSED] - click(findTestObject("Demo/UI Test Scenarios/Modules/Content Management/OFFERS/Edit Offer/Page_Templates/a_Offers")): Object: 'Object Repository/Demo/UI Test Scenarios/Modules/Content Management/OFFERS/Edit Offer/Page_Templates/a_Offers' is clicked on

2019-10-31 11:57:47 - [MESSAGE][PASSED] - Object: 'Object Repository/Demo/UI Test Scenarios/Modules/Content Management/OFFERS/Edit Offer/Page_Templates/a_Offers' is clicked on

2019-10-31 11:57:47 - [TEST_STEP][PASSED] - click(findTestObject("Demo/UI Test Scenarios/Modules/Content Management/OFFERS/Edit Offer/Page_Offers/a_abc")): Object: 'Object Repository/Demo/UI Test Scenarios/Modules/Content Management/OFFERS/Edit Offer/Page_Offers/a_abc' is clicked on

2019-10-31 11:57:49 - [MESSAGE][PASSED] - Object: 'Object Repository/Demo/UI Test Scenarios/Modules/Content Management/OFFERS/Edit Offer/Page_Offers/a_abc' is clicked on

2019-10-31 11:57:49 - [TEST_STEP][PASSED] - click(findTestObject("Demo/UI Test Scenarios/Modules/Content Management/OFFERS/Edit Offer/Page_Offers/button_Yes Edit")): Object: 'Object Repository/Demo/UI Test Scenarios/Modules/Content Management/OFFERS/Edit Offer/Page_Offers/button_Yes Edit' is clicked on

2019-10-31 11:57:53 - [MESSAGE][PASSED] - Object: 'Object Repository/Demo/UI Test Scenarios/Modules/Content Management/OFFERS/Edit Offer/Page_Offers/button_Yes Edit' is clicked on

2019-10-31 11:57:53 - [TEST_STEP][PASSED] - click(findTestObject("Demo/UI Test Scenarios/Modules/Content Management/IMAGES/Edit Image/Page_Edit Image/label_Transaction")): Object: 'Object Repository/Demo/UI Test Scenarios/Modules/Content Management/IMAGES/Edit Image/Page_Edit Image/label_Transaction' is clicked on

2019-10-31 11:58:38 - [MESSAGE][INFO] - Unable to find the element located by 'By.xpath: //div[@id='app']/main/div/div[2]/div[2]/form/div/div[2]/div/div[2]/div/div[2]/div/div[2]/label'. Please recheck the objects properties to make sure the desired element is located. 

2019-10-31 11:58:38 - [MESSAGE][INFO] - [SMART_XPATH] Auto-trying out other XPath values in the test object.

2019-10-31 11:58:38 - [MESSAGE][INFO] - [SMART_XPATH] FAILED XPATH: '//div[@id='app']/main/div/div[2]/div[2]/form/div/div[2]/div/div[2]/div/div[2]/div/div[2]/label'.

2019-10-31 11:58:38 - [MESSAGE][INFO] - [SMART_XPATH] WORKING XPATH: '(.//*[normalize-space(text()) and normalize-space(.)='Aquisition'])[1]/following::label[1]'.

2019-10-31 11:58:39 - [MESSAGE][INFO] - [SMART_XPATH] Screenshot: C:/Users/Dell/Katalon Studio/GSM Demo/Reports/smart_xpath/Object Repository/Demo/UI Test Scenarios/Modules/Content Management/IMAGES/Edit Image/Page_Edit Image/label_Transaction_neighbor_0.png

2019-10-31 11:58:39 - [MESSAGE][INFO] - [SMART_XPATH] WORKING XPATH: '(.//*[normalize-space(text()) and normalize-space(.)='Marketing Category'])[1]/following::label[2]'.

2019-10-31 11:58:40 - [MESSAGE][INFO] - [SMART_XPATH] Screenshot: C:/Users/Dell/Katalon Studio/GSM Demo/Reports/smart_xpath/Object Repository/Demo/UI Test Scenarios/Modules/Content Management/IMAGES/Edit Image/Page_Edit Image/label_Transaction_neighbor_1.png

2019-10-31 11:58:40 - [MESSAGE][INFO] - [SMART_XPATH] WORKING XPATH: '(.//*[normalize-space(text()) and normalize-space(.)='Retention'])[1]/preceding::label[1]'.

2019-10-31 11:58:40 - [MESSAGE][INFO] - [SMART_XPATH] Screenshot: C:/Users/Dell/Katalon Studio/GSM Demo/Reports/smart_xpath/Object Repository/Demo/UI Test Scenarios/Modules/Content Management/IMAGES/Edit Image/Page_Edit Image/label_Transaction_neighbor_2.png

2019-10-31 11:58:41 - [MESSAGE][INFO] - [SMART_XPATH] FAILED XPATH: '//div[2]/div/div[2]/div/div[2]/div/div[2]/label'.

2019-10-31 11:58:41 - [MESSAGE][INFO] - [SMART_XPATH] Selected Smart XPath: '(.//*[normalize-space(text()) and normalize-space(.)='Aquisition'])[1]/following::label[1]'.

2019-10-31 11:58:41 - [MESSAGE][INFO] - [SMART_XPATH] Continuing executing the test case!

2019-10-31 11:58:43 - [MESSAGE][PASSED] - Object: 'Object Repository/Demo/UI Test Scenarios/Modules/Content Management/IMAGES/Edit Image/Page_Edit Image/label_Transaction' is clicked on

2019-10-31 11:58:43 - [TEST_STEP][PASSED] - click(findTestObject("Demo/UI Test Scenarios/Modules/Content Management/OFFERS/Edit Offer/Page_Offers/button_Next")): Object: 'Object Repository/Demo/UI Test Scenarios/Modules/Content Management/OFFERS/Edit Offer/Page_Offers/button_Next' is clicked on

2019-10-31 11:58:45 - [MESSAGE][PASSED] - Object: 'Object Repository/Demo/UI Test Scenarios/Modules/Content Management/OFFERS/Edit Offer/Page_Offers/button_Next' is clicked on

2019-10-31 11:58:45 - [TEST_STEP][PASSED] - delay(2): Delayed 2 second(s)

2019-10-31 11:58:47 - [MESSAGE][PASSED] - Delayed 2 second(s)

2019-10-31 11:58:47 - [TEST_STEP][PASSED] - click(findTestObject("Demo/UI Test Scenarios/Modules/Content Management/OFFERS/Edit Offer/Page_Offers/button_Make Active")): Object: 'Object Repository/Demo/UI Test Scenarios/Modules/Content Management/OFFERS/Edit Offer/Page_Offers/button_Make Active' is clicked on

2019-10-31 11:58:50 - [MESSAGE][PASSED] - Object: 'Object Repository/Demo/UI Test Scenarios/Modules/Content Management/OFFERS/Edit Offer/Page_Offers/button_Make Active' is clicked on

2019-10-31 11:58:50 - [TEST_STEP][PASSED] - click(findTestObject("Demo/UI Test Scenarios/Modules/Content Management/OFFERS/Edit Offer/Page_Offers/button_Yes Make Active")): Object: 'Object Repository/Demo/UI Test Scenarios/Modules/Content Management/OFFERS/Edit Offer/Page_Offers/button_Yes Make Active' is clicked on

2019-10-31 11:58:53 - [MESSAGE][PASSED] - Object: 'Object Repository/Demo/UI Test Scenarios/Modules/Content Management/OFFERS/Edit Offer/Page_Offers/button_Yes Make Active' is clicked on]]></system-out>
         <system-err><![CDATA[]]></system-err>
      </testcase>
      <testcase name="Test Cases/Content/Offers/UI/Delete Offer" time="15.456" classname="Test Cases/Content/Offers/UI/Delete Offer" status="PASSED">
         <system-out><![CDATA[2019-10-31 11:58:53 - [TEST_CASE][PASSED] - Test Cases/Content/Offers/UI/Delete Offer: Test Cases/Content/Offers/UI/Delete Offer

2019-10-31 11:58:53 - [TEST_STEP][PASSED] - delay(5): Delayed 5 second(s)

2019-10-31 11:58:58 - [MESSAGE][PASSED] - Delayed 5 second(s)

2019-10-31 11:58:58 - [TEST_STEP][PASSED] - delay(2): Delayed 2 second(s)

2019-10-31 11:59:00 - [MESSAGE][PASSED] - Delayed 2 second(s)

2019-10-31 11:59:00 - [TEST_STEP][PASSED] - click(findTestObject("Demo/UI Test Scenarios/Modules/Content Management/OFFERS/Delete Offer/Page_Offers/div_Most Recent Uploads_library-table-checkbox no-label checkbox")): Object: 'Object Repository/Demo/UI Test Scenarios/Modules/Content Management/OFFERS/Delete Offer/Page_Offers/div_Most Recent Uploads_library-table-checkbox no-label checkbox' is clicked on

2019-10-31 11:59:03 - [MESSAGE][PASSED] - Object: 'Object Repository/Demo/UI Test Scenarios/Modules/Content Management/OFFERS/Delete Offer/Page_Offers/div_Most Recent Uploads_library-table-checkbox no-label checkbox' is clicked on

2019-10-31 11:59:03 - [TEST_STEP][PASSED] - click(findTestObject("Demo/UI Test Scenarios/Modules/Content Management/OFFERS/Delete Offer/Page_Offers/span_Delete")): Object: 'Object Repository/Demo/UI Test Scenarios/Modules/Content Management/OFFERS/Delete Offer/Page_Offers/span_Delete' is clicked on

2019-10-31 11:59:06 - [MESSAGE][PASSED] - Object: 'Object Repository/Demo/UI Test Scenarios/Modules/Content Management/OFFERS/Delete Offer/Page_Offers/span_Delete' is clicked on

2019-10-31 11:59:06 - [TEST_STEP][PASSED] - click(findTestObject("Demo/UI Test Scenarios/Modules/Content Management/OFFERS/Delete Offer/Page_Offers/button_Yes")): Object: 'Object Repository/Demo/UI Test Scenarios/Modules/Content Management/OFFERS/Delete Offer/Page_Offers/button_Yes' is clicked on

2019-10-31 11:59:08 - [MESSAGE][PASSED] - Object: 'Object Repository/Demo/UI Test Scenarios/Modules/Content Management/OFFERS/Delete Offer/Page_Offers/button_Yes' is clicked on]]></system-out>
         <system-err><![CDATA[]]></system-err>
      </testcase>
      <testcase name="Test Cases/Login and Logout/Valid Logout" time="5.906" classname="Test Cases/Login and Logout/Valid Logout" status="PASSED">
         <system-out><![CDATA[2019-10-31 11:59:08 - [TEST_CASE][PASSED] - Test Cases/Login and Logout/Valid Logout: Test Cases/Login and Logout/Valid Logout

2019-10-31 11:59:09 - [TEST_STEP][PASSED] - click(findTestObject("Demo/UI Test Scenarios/Modules/GSM Logout/Page_Templates/a_Help_user-panel-dropdown-4")): Object: 'Object Repository/Demo/UI Test Scenarios/Modules/GSM Logout/Page_Templates/a_Help_user-panel-dropdown-4' is clicked on

2019-10-31 11:59:11 - [MESSAGE][PASSED] - Object: 'Object Repository/Demo/UI Test Scenarios/Modules/GSM Logout/Page_Templates/a_Help_user-panel-dropdown-4' is clicked on

2019-10-31 11:59:11 - [TEST_STEP][PASSED] - click(findTestObject("Demo/UI Test Scenarios/Modules/GSM Logout/Page_Templates/a_Log Out")): Object: 'Object Repository/Demo/UI Test Scenarios/Modules/GSM Logout/Page_Templates/a_Log Out' is clicked on

2019-10-31 11:59:14 - [MESSAGE][PASSED] - Object: 'Object Repository/Demo/UI Test Scenarios/Modules/GSM Logout/Page_Templates/a_Log Out' is clicked on]]></system-out>
         <system-err><![CDATA[]]></system-err>
      </testcase>
      <system-out><![CDATA[2019-10-31 11:55:14 - [TEST_SUITE][PASSED] - S1 Offer Management: Test Cases/Login and Logout/Valid Logout]]></system-out>
      <system-err><![CDATA[]]></system-err>
   </testsuite>
</testsuites>
