<?xml version="1.0" encoding="UTF-8"?>
<testsuites name="S2 API Test 1" time="24.514" tests="4" failures="0" errors="0">
   <testsuite name="S2 API Test 1" tests="4" failures="0" errors="0" time="24.514" timestamp="2019-10-31 10:22:18" hostname="Dell - DESKTOP-A4R0EHC" id="Test Suites/API Suits/S2 API Test 1">
      <properties>
         <property name="deviceName" value=""/>
         <property name="devicePlatform" value=""/>
         <property name="logFolder" value="C:\\Users\\Dell\\Katalon Studio\\GSM Demo\\Reports\\20191031_102209\\API Suits\\S2 API Test 1\\20191031_102209"/>
         <property name="logFiles" value="C:\\Users\\Dell\\Katalon Studio\\GSM Demo\\Reports\\20191031_102209\\API Suits\\S2 API Test 1\\20191031_102209\\execution0.log"/>
         <property name="attachments" value=""/>
         <property name="hostName" value="Dell - DESKTOP-A4R0EHC"/>
         <property name="hostAddress" value="192.168.0.110"/>
         <property name="os" value="Windows 10 64bit"/>
         <property name="katalonVersion" value="7.0.4.1"/>
      </properties>
      <testcase name="Test Cases/API Requests/Sample Requests/Create User" time="6.111" classname="Test Cases/API Requests/Sample Requests/Create User" status="PASSED">
         <system-out><![CDATA[2019-10-31 10:22:19 - [TEST_CASE][PASSED] - Test Cases/API Requests/Sample Requests/Create User: Test Cases/API Requests/Sample Requests/Create User

2019-10-31 10:22:20 - [TEST_STEP][PASSED] - sendRequestAndVerify(findTestObject("API Requests/Sample Requests/Create User")): Send request and verify the response successfully

2019-10-31 10:22:23 - [MESSAGE][INFO] - HAR: C:\Users\Dell\Katalon Studio\GSM Demo\Reports\20191031_102209\API Suits\S2 API Test 1\20191031_102209\requests\main\0.har

2019-10-31 10:22:24 - [TEST_CASE][PASSED] - Start Test Case : Verification: Verification accomplished successfully

2019-10-31 10:22:24 - [TEST_STEP][PASSED] - request = getInstance().getCurrentRequest(): null

2019-10-31 10:22:24 - [TEST_STEP][PASSED] - response = getInstance().getCurrentResponse(): null

2019-10-31 10:22:24 - [TEST_STEP][PASSED] - verifyResponseStatusCode(response, 201): Verify response status code successfully

2019-10-31 10:22:24 - [MESSAGE][PASSED] - Verify response status code successfully

2019-10-31 10:22:24 - [TEST_STEP][PASSED] - getStatusCode()).isEqualTo(201): null

2019-10-31 10:22:25 - [TEST_STEP][PASSED] - containsKey("Content-Type")).isTrue(): null

2019-10-31 10:22:25 - [TEST_STEP][PASSED] - getResponseText()).contains("name"): null

2019-10-31 10:22:25 - [TEST_STEP][PASSED] - verifyElementPropertyValue(response, "name", "morpheus"): Verify element property value successfully

2019-10-31 10:22:25 - [MESSAGE][PASSED] - Verify element property value successfully

2019-10-31 10:22:25 - [MESSAGE][PASSED] - Verify response successfully

2019-10-31 10:22:25 - [MESSAGE][PASSED] - Send request and verify the response successfully]]></system-out>
         <system-err><![CDATA[]]></system-err>
      </testcase>
      <testcase name="Test Cases/API Requests/Sample Requests/Update User" time="1.574" classname="Test Cases/API Requests/Sample Requests/Update User" status="PASSED">
         <system-out><![CDATA[2019-10-31 10:22:25 - [TEST_CASE][PASSED] - Test Cases/API Requests/Sample Requests/Update User: Test Cases/API Requests/Sample Requests/Update User

2019-10-31 10:22:26 - [TEST_STEP][PASSED] - sendRequestAndVerify(findTestObject("API Requests/Sample Requests/Update User")): Send request and verify the response successfully

2019-10-31 10:22:26 - [MESSAGE][INFO] - HAR: C:\Users\Dell\Katalon Studio\GSM Demo\Reports\20191031_102209\API Suits\S2 API Test 1\20191031_102209\requests\main\1.har

2019-10-31 10:22:27 - [TEST_CASE][PASSED] - Start Test Case : Verification: Verification accomplished successfully

2019-10-31 10:22:27 - [TEST_STEP][PASSED] - request = getInstance().getCurrentRequest(): null

2019-10-31 10:22:27 - [TEST_STEP][PASSED] - response = getInstance().getCurrentResponse(): null

2019-10-31 10:22:27 - [TEST_STEP][PASSED] - verifyResponseStatusCode(response, 200): Verify response status code successfully

2019-10-31 10:22:27 - [MESSAGE][PASSED] - Verify response status code successfully

2019-10-31 10:22:27 - [TEST_STEP][PASSED] - getStatusCode()).isEqualTo(200): null

2019-10-31 10:22:27 - [TEST_STEP][PASSED] - containsKey("Content-Type")).isTrue(): null

2019-10-31 10:22:27 - [TEST_STEP][PASSED] - getResponseText()).contains("name"): null

2019-10-31 10:22:27 - [TEST_STEP][PASSED] - verifyElementPropertyValue(response, "name", "morpheus"): Verify element property value successfully

2019-10-31 10:22:27 - [MESSAGE][PASSED] - Verify element property value successfully

2019-10-31 10:22:27 - [MESSAGE][PASSED] - Verify response successfully

2019-10-31 10:22:27 - [MESSAGE][PASSED] - Send request and verify the response successfully]]></system-out>
         <system-err><![CDATA[]]></system-err>
      </testcase>
      <testcase name="Test Cases/API Requests/Sample Requests/Get Single User" time="0.843" classname="Test Cases/API Requests/Sample Requests/Get Single User" status="PASSED">
         <system-out><![CDATA[2019-10-31 10:22:27 - [TEST_CASE][PASSED] - Test Cases/API Requests/Sample Requests/Get Single User: Test Cases/API Requests/Sample Requests/Get Single User

2019-10-31 10:22:27 - [TEST_STEP][PASSED] - sendRequestAndVerify(findTestObject("API Requests/Sample Requests/Get Single User")): Send request and verify the response successfully

2019-10-31 10:22:27 - [MESSAGE][INFO] - HAR: C:\Users\Dell\Katalon Studio\GSM Demo\Reports\20191031_102209\API Suits\S2 API Test 1\20191031_102209\requests\main\2.har

2019-10-31 10:22:27 - [TEST_CASE][PASSED] - Start Test Case : Verification: Verification accomplished successfully

2019-10-31 10:22:28 - [TEST_STEP][PASSED] - request = getInstance().getCurrentRequest(): null

2019-10-31 10:22:28 - [TEST_STEP][PASSED] - response = getInstance().getCurrentResponse(): null

2019-10-31 10:22:28 - [TEST_STEP][PASSED] - verifyResponseStatusCode(response, 200): Verify response status code successfully

2019-10-31 10:22:28 - [MESSAGE][PASSED] - Verify response status code successfully

2019-10-31 10:22:28 - [TEST_STEP][PASSED] - getStatusCode()).isEqualTo(200): null

2019-10-31 10:22:28 - [TEST_STEP][PASSED] - containsKey("Content-Type")).isTrue(): null

2019-10-31 10:22:28 - [TEST_STEP][PASSED] - getResponseText()).contains("first_name"): null

2019-10-31 10:22:28 - [TEST_STEP][PASSED] - verifyElementPropertyValue(response, "data.first_name", "Janet"): Verify element property value successfully

2019-10-31 10:22:28 - [MESSAGE][PASSED] - Verify element property value successfully

2019-10-31 10:22:28 - [MESSAGE][PASSED] - Verify response successfully

2019-10-31 10:22:28 - [MESSAGE][PASSED] - Send request and verify the response successfully]]></system-out>
         <system-err><![CDATA[]]></system-err>
      </testcase>
      <testcase name="Test Cases/API Requests/Sample Requests/Delete User" time="1.527" classname="Test Cases/API Requests/Sample Requests/Delete User" status="PASSED">
         <system-out><![CDATA[2019-10-31 10:22:28 - [TEST_CASE][PASSED] - Test Cases/API Requests/Sample Requests/Delete User: Test Cases/API Requests/Sample Requests/Delete User

2019-10-31 10:22:28 - [TEST_STEP][PASSED] - sendRequestAndVerify(findTestObject("API Requests/Sample Requests/Delete User")): Send request and verify the response successfully

2019-10-31 10:22:29 - [MESSAGE][INFO] - HAR: C:\Users\Dell\Katalon Studio\GSM Demo\Reports\20191031_102209\API Suits\S2 API Test 1\20191031_102209\requests\main\3.har

2019-10-31 10:22:29 - [TEST_CASE][PASSED] - Start Test Case : Verification: Verification accomplished successfully

2019-10-31 10:22:29 - [TEST_STEP][PASSED] - request = getInstance().getCurrentRequest(): null

2019-10-31 10:22:29 - [TEST_STEP][PASSED] - response = getInstance().getCurrentResponse(): null

2019-10-31 10:22:29 - [TEST_STEP][PASSED] - verifyResponseStatusCode(response, 204): Verify response status code successfully

2019-10-31 10:22:29 - [MESSAGE][PASSED] - Verify response status code successfully

2019-10-31 10:22:29 - [TEST_STEP][PASSED] - getStatusCode()).isEqualTo(204): null

2019-10-31 10:22:29 - [TEST_STEP][PASSED] - containsKey("Connection")).isTrue(): null

2019-10-31 10:22:29 - [MESSAGE][PASSED] - Verify response successfully

2019-10-31 10:22:29 - [MESSAGE][PASSED] - Send request and verify the response successfully]]></system-out>
         <system-err><![CDATA[]]></system-err>
      </testcase>
      <system-out><![CDATA[2019-10-31 10:22:18 - [TEST_SUITE][PASSED] - S2 API Test 1: Test Cases/API Requests/Sample Requests/Delete User]]></system-out>
      <system-err><![CDATA[]]></system-err>
   </testsuite>
</testsuites>
