<?xml version="1.0" encoding="UTF-8"?>
<testsuites name="R13" time="17.889" tests="4" failures="0" errors="0">
   <testsuite name="R13" tests="4" failures="0" errors="0" time="17.889" timestamp="2019-10-30 14:30:50" hostname="Dell - DESKTOP-A4R0EHC" id="Test Suites/API Suits/R13">
      <properties>
         <property name="deviceName" value=""/>
         <property name="devicePlatform" value=""/>
         <property name="logFolder" value="C:\\Users\\Dell\\Katalon Studio\\GSM Demo\\Reports\\20191030_143043\\API Suits\\R13\\20191030_143043"/>
         <property name="logFiles" value="C:\\Users\\Dell\\Katalon Studio\\GSM Demo\\Reports\\20191030_143043\\API Suits\\R13\\20191030_143043\\execution0.log"/>
         <property name="attachments" value=""/>
         <property name="hostName" value="Dell - DESKTOP-A4R0EHC"/>
         <property name="hostAddress" value="192.168.0.110"/>
         <property name="os" value="Windows 10 64bit"/>
         <property name="katalonVersion" value="7.0.4.1"/>
      </properties>
      <testcase name="Test Cases/API Requests/Sample Requests/Create User" time="4.934" classname="Test Cases/API Requests/Sample Requests/Create User" status="PASSED">
         <system-out><![CDATA[2019-10-30 14:30:51 - [TEST_CASE][PASSED] - Test Cases/API Requests/Sample Requests/Create User: Test Cases/API Requests/Sample Requests/Create User

2019-10-30 14:30:51 - [TEST_STEP][PASSED] - sendRequestAndVerify(findTestObject("API Requests/Sample Requests/Create User")): Send request and verify the response successfully

2019-10-30 14:30:55 - [MESSAGE][INFO] - HAR: C:\Users\Dell\Katalon Studio\GSM Demo\Reports\20191030_143043\API Suits\R13\20191030_143043\requests\main\0.har

2019-10-30 14:30:55 - [TEST_CASE][PASSED] - Start Test Case : Verification: Verification accomplished successfully

2019-10-30 14:30:55 - [TEST_STEP][PASSED] - request = getInstance().getCurrentRequest(): null

2019-10-30 14:30:55 - [TEST_STEP][PASSED] - response = getInstance().getCurrentResponse(): null

2019-10-30 14:30:55 - [TEST_STEP][PASSED] - verifyResponseStatusCode(response, 201): Verify response status code successfully

2019-10-30 14:30:55 - [MESSAGE][PASSED] - Verify response status code successfully

2019-10-30 14:30:55 - [TEST_STEP][PASSED] - getStatusCode()).isEqualTo(201): null

2019-10-30 14:30:55 - [TEST_STEP][PASSED] - containsKey("Content-Type")).isTrue(): null

2019-10-30 14:30:56 - [TEST_STEP][PASSED] - getResponseText()).contains("name"): null

2019-10-30 14:30:56 - [TEST_STEP][PASSED] - verifyElementPropertyValue(response, "name", "morpheus"): Verify element property value successfully

2019-10-30 14:30:56 - [MESSAGE][PASSED] - Verify element property value successfully

2019-10-30 14:30:56 - [MESSAGE][PASSED] - Verify response successfully

2019-10-30 14:30:56 - [MESSAGE][PASSED] - Send request and verify the response successfully]]></system-out>
         <system-err><![CDATA[]]></system-err>
      </testcase>
      <testcase name="Test Cases/API Requests/Sample Requests/Update User" time="1.369" classname="Test Cases/API Requests/Sample Requests/Update User" status="PASSED">
         <system-out><![CDATA[2019-10-30 14:30:56 - [TEST_CASE][PASSED] - Test Cases/API Requests/Sample Requests/Update User: Test Cases/API Requests/Sample Requests/Update User

2019-10-30 14:30:56 - [TEST_STEP][PASSED] - sendRequestAndVerify(findTestObject("API Requests/Sample Requests/Update User")): Send request and verify the response successfully

2019-10-30 14:30:57 - [MESSAGE][INFO] - HAR: C:\Users\Dell\Katalon Studio\GSM Demo\Reports\20191030_143043\API Suits\R13\20191030_143043\requests\main\1.har

2019-10-30 14:30:57 - [TEST_CASE][PASSED] - Start Test Case : Verification: Verification accomplished successfully

2019-10-30 14:30:57 - [TEST_STEP][PASSED] - request = getInstance().getCurrentRequest(): null

2019-10-30 14:30:57 - [TEST_STEP][PASSED] - response = getInstance().getCurrentResponse(): null

2019-10-30 14:30:57 - [TEST_STEP][PASSED] - verifyResponseStatusCode(response, 200): Verify response status code successfully

2019-10-30 14:30:57 - [MESSAGE][PASSED] - Verify response status code successfully

2019-10-30 14:30:57 - [TEST_STEP][PASSED] - getStatusCode()).isEqualTo(200): null

2019-10-30 14:30:57 - [TEST_STEP][PASSED] - containsKey("Content-Type")).isTrue(): null

2019-10-30 14:30:57 - [TEST_STEP][PASSED] - getResponseText()).contains("name"): null

2019-10-30 14:30:57 - [TEST_STEP][PASSED] - verifyElementPropertyValue(response, "name", "morpheus"): Verify element property value successfully

2019-10-30 14:30:57 - [MESSAGE][PASSED] - Verify element property value successfully

2019-10-30 14:30:57 - [MESSAGE][PASSED] - Verify response successfully

2019-10-30 14:30:57 - [MESSAGE][PASSED] - Send request and verify the response successfully]]></system-out>
         <system-err><![CDATA[]]></system-err>
      </testcase>
      <testcase name="Test Cases/API Requests/Sample Requests/Get Single User" time="0.802" classname="Test Cases/API Requests/Sample Requests/Get Single User" status="PASSED">
         <system-out><![CDATA[2019-10-30 14:30:57 - [TEST_CASE][PASSED] - Test Cases/API Requests/Sample Requests/Get Single User: Test Cases/API Requests/Sample Requests/Get Single User

2019-10-30 14:30:58 - [TEST_STEP][PASSED] - sendRequestAndVerify(findTestObject("API Requests/Sample Requests/Get Single User")): Send request and verify the response successfully

2019-10-30 14:30:58 - [MESSAGE][INFO] - HAR: C:\Users\Dell\Katalon Studio\GSM Demo\Reports\20191030_143043\API Suits\R13\20191030_143043\requests\main\2.har

2019-10-30 14:30:58 - [TEST_CASE][PASSED] - Start Test Case : Verification: Verification accomplished successfully

2019-10-30 14:30:58 - [TEST_STEP][PASSED] - request = getInstance().getCurrentRequest(): null

2019-10-30 14:30:58 - [TEST_STEP][PASSED] - response = getInstance().getCurrentResponse(): null

2019-10-30 14:30:58 - [TEST_STEP][PASSED] - verifyResponseStatusCode(response, 200): Verify response status code successfully

2019-10-30 14:30:58 - [MESSAGE][PASSED] - Verify response status code successfully

2019-10-30 14:30:58 - [TEST_STEP][PASSED] - getStatusCode()).isEqualTo(200): null

2019-10-30 14:30:58 - [TEST_STEP][PASSED] - containsKey("Content-Type")).isTrue(): null

2019-10-30 14:30:58 - [TEST_STEP][PASSED] - getResponseText()).contains("first_name"): null

2019-10-30 14:30:58 - [TEST_STEP][PASSED] - verifyElementPropertyValue(response, "data.first_name", "Janet"): Verify element property value successfully

2019-10-30 14:30:58 - [MESSAGE][PASSED] - Verify element property value successfully

2019-10-30 14:30:58 - [MESSAGE][PASSED] - Verify response successfully

2019-10-30 14:30:58 - [MESSAGE][PASSED] - Send request and verify the response successfully]]></system-out>
         <system-err><![CDATA[]]></system-err>
      </testcase>
      <testcase name="Test Cases/API Requests/Sample Requests/Delete User" time="1.179" classname="Test Cases/API Requests/Sample Requests/Delete User" status="PASSED">
         <system-out><![CDATA[2019-10-30 14:30:58 - [TEST_CASE][PASSED] - Test Cases/API Requests/Sample Requests/Delete User: Test Cases/API Requests/Sample Requests/Delete User

2019-10-30 14:30:58 - [TEST_STEP][PASSED] - sendRequestAndVerify(findTestObject("API Requests/Sample Requests/Delete User")): Send request and verify the response successfully

2019-10-30 14:30:59 - [MESSAGE][INFO] - HAR: C:\Users\Dell\Katalon Studio\GSM Demo\Reports\20191030_143043\API Suits\R13\20191030_143043\requests\main\3.har

2019-10-30 14:30:59 - [TEST_CASE][PASSED] - Start Test Case : Verification: Verification accomplished successfully

2019-10-30 14:30:59 - [TEST_STEP][PASSED] - request = getInstance().getCurrentRequest(): null

2019-10-30 14:30:59 - [TEST_STEP][PASSED] - response = getInstance().getCurrentResponse(): null

2019-10-30 14:30:59 - [TEST_STEP][PASSED] - verifyResponseStatusCode(response, 204): Verify response status code successfully

2019-10-30 14:30:59 - [MESSAGE][PASSED] - Verify response status code successfully

2019-10-30 14:30:59 - [TEST_STEP][PASSED] - getStatusCode()).isEqualTo(204): null

2019-10-30 14:30:59 - [TEST_STEP][PASSED] - containsKey("Connection")).isTrue(): null

2019-10-30 14:30:59 - [MESSAGE][PASSED] - Verify response successfully

2019-10-30 14:30:59 - [MESSAGE][PASSED] - Send request and verify the response successfully]]></system-out>
         <system-err><![CDATA[]]></system-err>
      </testcase>
      <system-out><![CDATA[2019-10-30 14:30:50 - [TEST_SUITE][PASSED] - R13: Test Cases/API Requests/Sample Requests/Delete User]]></system-out>
      <system-err><![CDATA[]]></system-err>
   </testsuite>
</testsuites>
